<?xml version="1.0" encoding="UTF-8"?>
<coverage generated="1772262482497" clover="3.2.0">
  <project timestamp="1772262482497" name="All files">
    <metrics statements="561" coveredstatements="455" conditionals="267" coveredconditionals="151" methods="154" coveredmethods="105" elements="982" coveredelements="711" complexity="0" loc="561" ncloc="561" packages="13" files="36" classes="36"/>
    <package name="src">
      <metrics statements="11" coveredstatements="11" conditionals="0" coveredconditionals="0" methods="10" coveredmethods="4"/>
      <file name="App.tsx" path="C:\Arshil\companyAssignments\insuranceDashbord\src\App.tsx">
        <metrics statements="11" coveredstatements="11" conditionals="0" coveredconditionals="0" methods="10" coveredmethods="4"/>
        <line num="1" count="1" type="stmt"/>
        <line num="2" count="1" type="stmt"/>
        <line num="3" count="1" type="stmt"/>
        <line num="5" count="2" type="stmt"/>
        <line num="6" count="1" type="stmt"/>
        <line num="7" count="1" type="stmt"/>
        <line num="8" count="1" type="stmt"/>
        <line num="11" count="1" type="stmt"/>
        <line num="12" count="1" type="stmt"/>
        <line num="21" count="1" type="stmt"/>
        <line num="35" count="1" type="stmt"/>
      </file>
    </package>
    <package name="src.assets">
      <metrics statements="38" coveredstatements="38" conditionals="0" coveredconditionals="0" methods="0" coveredmethods="0"/>
      <file name="index.ts" path="C:\Arshil\companyAssignments\insuranceDashbord\src\assets\index.ts">
        <metrics statements="38" coveredstatements="38" conditionals="0" coveredconditionals="0" methods="0" coveredmethods="0"/>
        <line num="2" count="10" type="stmt"/>
        <line num="3" count="10" type="stmt"/>
        <line num="4" count="10" type="stmt"/>
        <line num="5" count="10" type="stmt"/>
        <line num="6" count="10" type="stmt"/>
        <line num="7" count="10" type="stmt"/>
        <line num="10" count="10" type="stmt"/>
        <line num="11" count="10" type="stmt"/>
        <line num="12" count="10" type="stmt"/>
        <line num="13" count="10" type="stmt"/>
        <line num="16" count="10" type="stmt"/>
        <line num="17" count="10" type="stmt"/>
        <line num="18" count="10" type="stmt"/>
        <line num="19" count="10" type="stmt"/>
        <line num="22" count="10" type="stmt"/>
        <line num="23" count="10" type="stmt"/>
        <line num="24" count="10" type="stmt"/>
        <line num="25" count="10" type="stmt"/>
        <line num="26" count="10" type="stmt"/>
        <line num="29" count="10" type="stmt"/>
        <line num="30" count="10" type="stmt"/>
        <line num="31" count="10" type="stmt"/>
        <line num="32" count="10" type="stmt"/>
        <line num="33" count="10" type="stmt"/>
        <line num="34" count="10" type="stmt"/>
        <line num="35" count="10" type="stmt"/>
        <line num="36" count="10" type="stmt"/>
        <line num="37" count="10" type="stmt"/>
        <line num="38" count="10" type="stmt"/>
        <line num="39" count="10" type="stmt"/>
        <line num="40" count="10" type="stmt"/>
        <line num="41" count="10" type="stmt"/>
        <line num="42" count="10" type="stmt"/>
        <line num="43" count="10" type="stmt"/>
        <line num="44" count="10" type="stmt"/>
        <line num="45" count="10" type="stmt"/>
        <line num="46" count="10" type="stmt"/>
        <line num="47" count="10" type="stmt"/>
      </file>
    </package>
    <package name="src.components">
      <metrics statements="33" coveredstatements="28" conditionals="12" coveredconditionals="5" methods="8" coveredmethods="7"/>
      <file name="ThemeToggle.tsx" path="C:\Arshil\companyAssignments\insuranceDashbord\src\components\ThemeToggle.tsx">
        <metrics statements="7" coveredstatements="7" conditionals="2" coveredconditionals="1" methods="2" coveredmethods="2"/>
        <line num="1" count="7" type="stmt"/>
        <line num="2" count="7" type="stmt"/>
        <line num="3" count="7" type="stmt"/>
        <line num="5" count="7" type="stmt"/>
        <line num="6" count="39" type="stmt"/>
        <line num="8" count="39" type="stmt"/>
        <line num="11" count="1" type="cond" truecount="1" falsecount="1"/>
      </file>
      <file name="theme-provider.tsx" path="C:\Arshil\companyAssignments\insuranceDashbord\src\components\theme-provider.tsx">
        <metrics statements="26" coveredstatements="21" conditionals="10" coveredconditionals="4" methods="6" coveredmethods="5"/>
        <line num="1" count="7" type="stmt"/>
        <line num="16" count="7" type="stmt"/>
        <line num="18" count="0" type="stmt"/>
        <line num="21" count="7" type="stmt"/>
        <line num="23" count="7" type="stmt"/>
        <line num="26" count="3" type="cond" truecount="0" falsecount="1"/>
        <line num="27" count="3" type="stmt"/>
        <line num="29" count="3" type="stmt"/>
        <line num="30" count="2" type="cond" truecount="2" falsecount="0"/>
        <line num="33" count="3" type="stmt"/>
        <line num="34" count="3" type="stmt"/>
        <line num="36" count="3" type="stmt"/>
        <line num="38" count="3" type="cond" truecount="1" falsecount="1"/>
        <line num="39" count="0" type="cond" truecount="0" falsecount="2"/>
        <line num="44" count="0" type="stmt"/>
        <line num="45" count="0" type="stmt"/>
        <line num="48" count="3" type="stmt"/>
        <line num="51" count="3" type="stmt"/>
        <line num="54" count="1" type="stmt"/>
        <line num="55" count="1" type="stmt"/>
        <line num="59" count="3" type="stmt"/>
        <line num="66" count="7" type="stmt"/>
        <line num="67" count="39" type="stmt"/>
        <line num="69" count="39" type="cond" truecount="1" falsecount="1"/>
        <line num="70" count="0" type="stmt"/>
        <line num="72" count="39" type="stmt"/>
      </file>
    </package>
    <package name="src.components.layout">
      <metrics statements="43" coveredstatements="36" conditionals="47" coveredconditionals="27" methods="13" coveredmethods="8"/>
      <file name="DashboardLayout.tsx" path="C:\Arshil\companyAssignments\insuranceDashbord\src\components\layout\DashboardLayout.tsx">
        <metrics statements="9" coveredstatements="7" conditionals="6" coveredconditionals="3" methods="3" coveredmethods="1"/>
        <line num="1" count="2" type="stmt"/>
        <line num="2" count="2" type="stmt"/>
        <line num="3" count="2" type="stmt"/>
        <line num="4" count="2" type="stmt"/>
        <line num="6" count="2" type="stmt"/>
        <line num="7" count="2" type="stmt"/>
        <line num="9" count="2" type="stmt"/>
        <line num="17" count="0" type="stmt"/>
        <line num="27" count="0" type="stmt"/>
      </file>
      <file name="Header.tsx" path="C:\Arshil\companyAssignments\insuranceDashbord\src\components\layout\Header.tsx">
        <metrics statements="6" coveredstatements="6" conditionals="9" coveredconditionals="9" methods="1" coveredmethods="1"/>
        <line num="1" count="6" type="stmt"/>
        <line num="2" count="6" type="stmt"/>
        <line num="3" count="6" type="stmt"/>
        <line num="4" count="6" type="stmt"/>
        <line num="15" count="6" type="stmt"/>
        <line num="23" count="36" type="stmt"/>
      </file>
      <file name="Sidebar.tsx" path="C:\Arshil\companyAssignments\insuranceDashbord\src\components\layout\Sidebar.tsx">
        <metrics statements="12" coveredstatements="11" conditionals="22" coveredconditionals="12" methods="4" coveredmethods="3"/>
        <line num="1" count="3" type="stmt"/>
        <line num="2" count="3" type="stmt"/>
        <line num="3" count="3" type="stmt"/>
        <line num="5" count="3" type="stmt"/>
        <line num="14" count="3" type="stmt"/>
        <line num="16" count="3" type="stmt"/>
        <line num="23" count="3" type="stmt"/>
        <line num="24" count="4" type="stmt"/>
        <line num="26" count="4" type="stmt"/>
        <line num="49" count="0" type="stmt"/>
        <line num="86" count="16" type="stmt"/>
        <line num="89" count="16" type="stmt"/>
      </file>
      <file name="UserDropdown.tsx" path="C:\Arshil\companyAssignments\insuranceDashbord\src\components\layout\UserDropdown.tsx">
        <metrics statements="16" coveredstatements="12" conditionals="10" coveredconditionals="3" methods="5" coveredmethods="3"/>
        <line num="1" count="6" type="stmt"/>
        <line num="2" count="6" type="stmt"/>
        <line num="3" count="6" type="stmt"/>
        <line num="5" count="6" type="stmt"/>
        <line num="6" count="36" type="stmt"/>
        <line num="7" count="36" type="stmt"/>
        <line num="10" count="36" type="stmt"/>
        <line num="11" count="20" type="stmt"/>
        <line num="12" count="0" type="cond" truecount="0" falsecount="4"/>
        <line num="13" count="0" type="stmt"/>
        <line num="17" count="20" type="cond" truecount="1" falsecount="1"/>
        <line num="18" count="0" type="stmt"/>
        <line num="21" count="20" type="stmt"/>
        <line num="22" count="20" type="stmt"/>
        <line num="26" count="36" type="stmt"/>
        <line num="30" count="0" type="stmt"/>
      </file>
    </package>
    <package name="src.components.ui">
      <metrics statements="52" coveredstatements="51" conditionals="47" coveredconditionals="41" methods="9" coveredmethods="8"/>
      <file name="Button.tsx" path="C:\Arshil\companyAssignments\insuranceDashbord\src\components\ui\Button.tsx">
        <metrics statements="15" coveredstatements="15" conditionals="27" coveredconditionals="24" methods="1" coveredmethods="1"/>
        <line num="1" count="11" type="stmt"/>
        <line num="2" count="11" type="stmt"/>
        <line num="21" count="11" type="stmt"/>
        <line num="31" count="11" type="stmt"/>
        <line num="43" count="11" type="stmt"/>
        <line num="49" count="11" type="stmt"/>
        <line num="62" count="259" type="cond" truecount="1" falsecount="0"/>
        <line num="63" count="259" type="stmt"/>
        <line num="67" count="259" type="stmt"/>
        <line num="73" count="259" type="cond" truecount="4" falsecount="0"/>
        <line num="77" count="259" type="stmt"/>
        <line num="80" count="259" type="stmt"/>
        <line num="87" count="259" type="stmt"/>
        <line num="92" count="259" type="stmt"/>
        <line num="123" count="11" type="stmt"/>
      </file>
      <file name="Checkbox.tsx" path="C:\Arshil\companyAssignments\insuranceDashbord\src\components\ui\Checkbox.tsx">
        <metrics statements="10" coveredstatements="10" conditionals="8" coveredconditionals="6" methods="2" coveredmethods="2"/>
        <line num="1" count="3" type="stmt"/>
        <line num="2" count="3" type="stmt"/>
        <line num="3" count="3" type="stmt"/>
        <line num="9" count="3" type="stmt"/>
        <line num="10" count="328" type="stmt"/>
        <line num="11" count="328" type="stmt"/>
        <line num="12" count="4" type="cond" truecount="1" falsecount="1"/>
        <line num="13" count="4" type="cond" truecount="1" falsecount="1"/>
        <line num="16" count="328" type="stmt"/>
        <line num="41" count="3" type="stmt"/>
      </file>
      <file name="Input.tsx" path="C:\Arshil\companyAssignments\insuranceDashbord\src\components\ui\Input.tsx">
        <metrics statements="6" coveredstatements="6" conditionals="4" coveredconditionals="4" methods="1" coveredmethods="1"/>
        <line num="1" count="2" type="stmt"/>
        <line num="2" count="2" type="stmt"/>
        <line num="8" count="2" type="stmt"/>
        <line num="9" count="145" type="stmt"/>
        <line num="10" count="145" type="stmt"/>
        <line num="27" count="2" type="stmt"/>
      </file>
      <file name="Modal.tsx" path="C:\Arshil\companyAssignments\insuranceDashbord\src\components\ui\Modal.tsx">
        <metrics statements="13" coveredstatements="13" conditionals="4" coveredconditionals="4" methods="3" coveredmethods="3"/>
        <line num="1" count="3" type="stmt"/>
        <line num="2" count="3" type="stmt"/>
        <line num="3" count="3" type="stmt"/>
        <line num="4" count="3" type="stmt"/>
        <line num="14" count="3" type="stmt"/>
        <line num="15" count="156" type="stmt"/>
        <line num="16" count="80" type="cond" truecount="2" falsecount="0"/>
        <line num="17" count="11" type="stmt"/>
        <line num="19" count="69" type="stmt"/>
        <line num="21" count="80" type="stmt"/>
        <line num="22" count="80" type="stmt"/>
        <line num="26" count="156" type="cond" truecount="2" falsecount="0"/>
        <line num="28" count="16" type="stmt"/>
      </file>
      <file name="Select.tsx" path="C:\Arshil\companyAssignments\insuranceDashbord\src\components\ui\Select.tsx">
        <metrics statements="8" coveredstatements="7" conditionals="4" coveredconditionals="3" methods="2" coveredmethods="1"/>
        <line num="1" count="3" type="stmt"/>
        <line num="2" count="3" type="stmt"/>
        <line num="3" count="3" type="stmt"/>
        <line num="10" count="3" type="stmt"/>
        <line num="11" count="427" type="stmt"/>
        <line num="12" count="427" type="stmt"/>
        <line num="29" count="0" type="stmt"/>
        <line num="44" count="3" type="stmt"/>
      </file>
    </package>
    <package name="src.data">
      <metrics statements="8" coveredstatements="8" conditionals="4" coveredconditionals="4" methods="1" coveredmethods="1"/>
      <file name="mockData.ts" path="C:\Arshil\companyAssignments\insuranceDashbord\src\data\mockData.ts">
        <metrics statements="8" coveredstatements="8" conditionals="4" coveredconditionals="4" methods="1" coveredmethods="1"/>
        <line num="3" count="10" type="stmt"/>
        <line num="4" count="520" type="stmt"/>
        <line num="5" count="520" type="stmt"/>
        <line num="10" count="520" type="stmt"/>
        <line num="16" count="520" type="stmt"/>
        <line num="17" count="520" type="stmt"/>
        <line num="18" count="520" type="stmt"/>
        <line num="20" count="520" type="stmt"/>
      </file>
    </package>
    <package name="src.features.coi.components">
      <metrics statements="134" coveredstatements="114" conditionals="64" coveredconditionals="36" methods="45" coveredmethods="31"/>
      <file name="ActionDropdown.tsx" path="C:\Arshil\companyAssignments\insuranceDashbord\src\features\coi\components\ActionDropdown.tsx">
        <metrics statements="25" coveredstatements="23" conditionals="8" coveredconditionals="4" methods="7" coveredmethods="6"/>
        <line num="1" count="3" type="stmt"/>
        <line num="2" count="3" type="stmt"/>
        <line num="3" count="3" type="stmt"/>
        <line num="10" count="3" type="stmt"/>
        <line num="11" count="300" type="stmt"/>
        <line num="12" count="300" type="stmt"/>
        <line num="15" count="300" type="stmt"/>
        <line num="16" count="154" type="stmt"/>
        <line num="17" count="0" type="cond" truecount="0" falsecount="4"/>
        <line num="18" count="0" type="stmt"/>
        <line num="22" count="154" type="cond" truecount="2" falsecount="0"/>
        <line num="23" count="4" type="stmt"/>
        <line num="26" count="154" type="stmt"/>
        <line num="27" count="154" type="stmt"/>
        <line num="31" count="300" type="stmt"/>
        <line num="32" count="2" type="stmt"/>
        <line num="33" count="2" type="stmt"/>
        <line num="34" count="2" type="stmt"/>
        <line num="37" count="300" type="stmt"/>
        <line num="38" count="2" type="stmt"/>
        <line num="39" count="2" type="stmt"/>
        <line num="40" count="2" type="stmt"/>
        <line num="43" count="300" type="stmt"/>
        <line num="49" count="4" type="stmt"/>
        <line num="50" count="4" type="stmt"/>
      </file>
      <file name="AddCOIModal.tsx" path="C:\Arshil\companyAssignments\insuranceDashbord\src\features\coi\components\AddCOIModal.tsx">
        <metrics statements="15" coveredstatements="15" conditionals="0" coveredconditionals="0" methods="4" coveredmethods="4"/>
        <line num="1" count="2" type="stmt"/>
        <line num="2" count="2" type="stmt"/>
        <line num="3" count="2" type="stmt"/>
        <line num="4" count="2" type="stmt"/>
        <line num="5" count="2" type="stmt"/>
        <line num="15" count="2" type="stmt"/>
        <line num="16" count="34" type="stmt"/>
        <line num="26" count="34" type="stmt"/>
        <line num="27" count="5" type="stmt"/>
        <line num="30" count="34" type="stmt"/>
        <line num="31" count="1" type="stmt"/>
        <line num="32" count="1" type="stmt"/>
        <line num="36" count="1" type="stmt"/>
        <line num="38" count="1" type="stmt"/>
        <line num="49" count="34" type="stmt"/>
      </file>
      <file name="AskAIModal.tsx" path="C:\Arshil\companyAssignments\insuranceDashbord\src\features\coi\components\AskAIModal.tsx">
        <metrics statements="6" coveredstatements="6" conditionals="0" coveredconditionals="0" methods="1" coveredmethods="1"/>
        <line num="1" count="2" type="stmt"/>
        <line num="2" count="2" type="stmt"/>
        <line num="3" count="2" type="stmt"/>
        <line num="4" count="2" type="stmt"/>
        <line num="11" count="2" type="stmt"/>
        <line num="12" count="29" type="stmt"/>
      </file>
      <file name="COITable.tsx" path="C:\Arshil\companyAssignments\insuranceDashbord\src\features\coi\components\COITable.tsx">
        <metrics statements="29" coveredstatements="18" conditionals="29" coveredconditionals="20" methods="14" coveredmethods="7"/>
        <line num="1" count="3" type="stmt"/>
        <line num="2" count="3" type="stmt"/>
        <line num="3" count="3" type="stmt"/>
        <line num="6" count="3" type="stmt"/>
        <line num="11" count="3" type="stmt"/>
        <line num="31" count="3" type="stmt"/>
        <line num="48" count="51" type="cond" truecount="2" falsecount="0"/>
        <line num="50" count="32" type="stmt"/>
        <line num="51" count="224" type="stmt"/>
        <line num="52" count="224" type="cond" truecount="2" falsecount="0"/>
        <line num="53" count="224" type="stmt"/>
        <line num="56" count="0" type="stmt"/>
        <line num="68" count="32" type="stmt"/>
        <line num="69" count="0" type="cond" truecount="0" falsecount="2"/>
        <line num="70" count="0" type="stmt"/>
        <line num="71" count="0" type="cond" truecount="0" falsecount="5"/>
        <line num="72" count="0" type="stmt"/>
        <line num="74" count="0" type="stmt"/>
        <line num="78" count="32" type="stmt"/>
        <line num="105" count="296" type="stmt"/>
        <line num="114" count="296" type="stmt"/>
        <line num="124" count="2" type="stmt"/>
        <line num="150" count="0" type="stmt"/>
        <line num="170" count="0" type="stmt"/>
        <line num="193" count="2" type="stmt"/>
        <line num="194" count="2" type="stmt"/>
        <line num="223" count="0" type="stmt"/>
        <line num="235" count="0" type="stmt"/>
        <line num="245" count="0" type="stmt"/>
      </file>
      <file name="DeleteCOIModal.tsx" path="C:\Arshil\companyAssignments\insuranceDashbord\src\features\coi\components\DeleteCOIModal.tsx">
        <metrics statements="4" coveredstatements="4" conditionals="2" coveredconditionals="2" methods="1" coveredmethods="1"/>
        <line num="1" count="2" type="stmt"/>
        <line num="2" count="2" type="stmt"/>
        <line num="11" count="2" type="stmt"/>
        <line num="12" count="29" type="stmt"/>
      </file>
      <file name="EditCOIModal.tsx" path="C:\Arshil\companyAssignments\insuranceDashbord\src\features\coi\components\EditCOIModal.tsx">
        <metrics statements="21" coveredstatements="19" conditionals="10" coveredconditionals="6" methods="4" coveredmethods="3"/>
        <line num="1" count="2" type="stmt"/>
        <line num="2" count="2" type="stmt"/>
        <line num="3" count="2" type="stmt"/>
        <line num="4" count="2" type="stmt"/>
        <line num="5" count="2" type="stmt"/>
        <line num="15" count="2" type="stmt"/>
        <line num="16" count="41" type="stmt"/>
        <line num="18" count="41" type="stmt"/>
        <line num="19" count="16" type="cond" truecount="2" falsecount="0"/>
        <line num="21" count="2" type="stmt"/>
        <line num="23" count="14" type="stmt"/>
        <line num="27" count="41" type="stmt"/>
        <line num="28" count="0" type="cond" truecount="0" falsecount="2"/>
        <line num="29" count="0" type="stmt"/>
        <line num="33" count="41" type="stmt"/>
        <line num="34" count="1" type="stmt"/>
        <line num="35" count="1" type="cond" truecount="1" falsecount="1"/>
        <line num="36" count="1" type="stmt"/>
        <line num="38" count="1" type="stmt"/>
        <line num="41" count="41" type="cond" truecount="2" falsecount="0"/>
        <line num="43" count="3" type="stmt"/>
      </file>
      <file name="FiltersBar.tsx" path="C:\Arshil\companyAssignments\insuranceDashbord\src\features\coi\components\FiltersBar.tsx">
        <metrics statements="20" coveredstatements="15" conditionals="13" coveredconditionals="2" methods="10" coveredmethods="5"/>
        <line num="1" count="2" type="stmt"/>
        <line num="2" count="2" type="stmt"/>
        <line num="3" count="2" type="stmt"/>
        <line num="4" count="2" type="stmt"/>
        <line num="5" count="2" type="stmt"/>
        <line num="7" count="2" type="stmt"/>
        <line num="23" count="2" type="stmt"/>
        <line num="36" count="30" type="stmt"/>
        <line num="38" count="30" type="stmt"/>
        <line num="39" count="14" type="stmt"/>
        <line num="40" count="0" type="stmt"/>
        <line num="43" count="14" type="stmt"/>
        <line num="44" count="14" type="stmt"/>
        <line num="49" count="30" type="stmt"/>
        <line num="55" count="0" type="cond" truecount="0" falsecount="4"/>
        <line num="66" count="1" type="stmt"/>
        <line num="80" count="0" type="cond" truecount="0" falsecount="4"/>
        <line num="92" count="0" type="stmt"/>
        <line num="99" count="0" type="stmt"/>
        <line num="111" count="1" type="stmt"/>
      </file>
      <file name="HelpModal.tsx" path="C:\Arshil\companyAssignments\insuranceDashbord\src\features\coi\components\HelpModal.tsx">
        <metrics statements="4" coveredstatements="4" conditionals="0" coveredconditionals="0" methods="1" coveredmethods="1"/>
        <line num="1" count="2" type="stmt"/>
        <line num="2" count="2" type="stmt"/>
        <line num="9" count="2" type="stmt"/>
        <line num="10" count="29" type="stmt"/>
      </file>
      <file name="SendReminderModal.tsx" path="C:\Arshil\companyAssignments\insuranceDashbord\src\features\coi\components\SendReminderModal.tsx">
        <metrics statements="4" coveredstatements="4" conditionals="2" coveredconditionals="2" methods="1" coveredmethods="1"/>
        <line num="1" count="2" type="stmt"/>
        <line num="2" count="2" type="stmt"/>
        <line num="11" count="2" type="stmt"/>
        <line num="12" count="29" type="stmt"/>
      </file>
      <file name="SummaryCards.tsx" path="C:\Arshil\companyAssignments\insuranceDashbord\src\features\coi\components\SummaryCards.tsx">
        <metrics statements="6" coveredstatements="6" conditionals="0" coveredconditionals="0" methods="2" coveredmethods="2"/>
        <line num="1" count="3" type="stmt"/>
        <line num="15" count="3" type="stmt"/>
        <line num="46" count="3" type="stmt"/>
        <line num="52" count="30" type="stmt"/>
        <line num="54" count="30" type="stmt"/>
        <line num="57" count="120" type="stmt"/>
      </file>
    </package>
    <package name="src.features.coi.hooks">
      <metrics statements="74" coveredstatements="54" conditionals="59" coveredconditionals="28" methods="15" coveredmethods="13"/>
      <file name="useCOIFilters.ts" path="C:\Arshil\companyAssignments\insuranceDashbord\src\features\coi\hooks\useCOIFilters.ts">
        <metrics statements="30" coveredstatements="24" conditionals="26" coveredconditionals="13" methods="7" coveredmethods="7"/>
        <line num="1" count="2" type="stmt"/>
        <line num="4" count="2" type="stmt"/>
        <line num="5" count="29" type="stmt"/>
        <line num="6" count="29" type="stmt"/>
        <line num="7" count="29" type="stmt"/>
        <line num="8" count="29" type="stmt"/>
        <line num="9" count="29" type="stmt"/>
        <line num="10" count="29" type="stmt"/>
        <line num="12" count="29" type="stmt"/>
        <line num="13" count="17" type="stmt"/>
        <line num="15" count="888" type="cond" truecount="1" falsecount="2"/>
        <line num="19" count="888" type="cond" truecount="2" falsecount="0"/>
        <line num="21" count="888" type="cond" truecount="1" falsecount="1"/>
        <line num="23" count="888" type="stmt"/>
        <line num="24" count="888" type="cond" truecount="1" falsecount="1"/>
        <line num="25" count="0" type="stmt"/>
        <line num="26" count="0" type="cond" truecount="0" falsecount="2"/>
        <line num="29" count="888" type="stmt"/>
        <line num="30" count="888" type="cond" truecount="3" falsecount="1"/>
        <line num="31" count="0" type="stmt"/>
        <line num="34" count="0" type="cond" truecount="0" falsecount="2"/>
        <line num="36" count="0" type="cond" truecount="0" falsecount="2"/>
        <line num="38" count="0" type="cond" truecount="0" falsecount="2"/>
        <line num="41" count="888" type="cond" truecount="5" falsecount="0"/>
        <line num="45" count="29" type="stmt"/>
        <line num="46" count="16" type="stmt"/>
        <line num="48" count="836" type="stmt"/>
        <line num="49" count="836" type="stmt"/>
        <line num="50" count="836" type="stmt"/>
        <line num="54" count="29" type="stmt"/>
      </file>
      <file name="usePagination.ts" path="C:\Arshil\companyAssignments\insuranceDashbord\src\features\coi\hooks\usePagination.ts">
        <metrics statements="15" coveredstatements="13" conditionals="3" coveredconditionals="1" methods="4" coveredmethods="3"/>
        <line num="1" count="2" type="stmt"/>
        <line num="3" count="2" type="cond" truecount="0" falsecount="1"/>
        <line num="4" count="29" type="stmt"/>
        <line num="5" count="29" type="stmt"/>
        <line num="7" count="29" type="cond" truecount="1" falsecount="1"/>
        <line num="8" count="29" type="stmt"/>
        <line num="9" count="17" type="stmt"/>
        <line num="10" count="17" type="stmt"/>
        <line num="13" count="29" type="stmt"/>
        <line num="14" count="1" type="stmt"/>
        <line num="15" count="1" type="stmt"/>
        <line num="18" count="29" type="stmt"/>
        <line num="19" count="0" type="stmt"/>
        <line num="20" count="0" type="stmt"/>
        <line num="23" count="29" type="stmt"/>
      </file>
      <file name="useSort.ts" path="C:\Arshil\companyAssignments\insuranceDashbord\src\features\coi\hooks\useSort.ts">
        <metrics statements="29" coveredstatements="17" conditionals="30" coveredconditionals="14" methods="4" coveredmethods="3"/>
        <line num="1" count="2" type="stmt"/>
        <line num="5" count="2" type="cond" truecount="0" falsecount="2"/>
        <line num="6" count="29" type="stmt"/>
        <line num="7" count="29" type="stmt"/>
        <line num="9" count="29" type="stmt"/>
        <line num="10" count="0" type="stmt"/>
        <line num="11" count="0" type="cond" truecount="0" falsecount="2"/>
        <line num="12" count="0" type="cond" truecount="0" falsecount="2"/>
        <line num="13" count="0" type="stmt"/>
        <line num="14" count="0" type="cond" truecount="0" falsecount="2"/>
        <line num="15" count="0" type="stmt"/>
        <line num="20" count="0" type="cond" truecount="0" falsecount="2"/>
        <line num="21" count="0" type="stmt"/>
        <line num="22" count="0" type="stmt"/>
        <line num="24" count="0" type="stmt"/>
        <line num="25" count="0" type="stmt"/>
        <line num="29" count="29" type="stmt"/>
        <line num="30" count="17" type="cond" truecount="3" falsecount="1"/>
        <line num="32" count="17" type="stmt"/>
        <line num="33" count="3734" type="stmt"/>
        <line num="34" count="3734" type="stmt"/>
        <line num="37" count="3734" type="cond" truecount="3" falsecount="1"/>
        <line num="38" count="3734" type="cond" truecount="3" falsecount="1"/>
        <line num="41" count="3734" type="cond" truecount="2" falsecount="0"/>
        <line num="42" count="2060" type="cond" truecount="1" falsecount="1"/>
        <line num="44" count="1674" type="cond" truecount="1" falsecount="1"/>
        <line num="45" count="1674" type="cond" truecount="1" falsecount="1"/>
        <line num="47" count="0" type="stmt"/>
        <line num="51" count="29" type="stmt"/>
      </file>
    </package>
    <package name="src.features.coi.store">
      <metrics statements="16" coveredstatements="12" conditionals="4" coveredconditionals="1" methods="8" coveredmethods="5"/>
      <file name="coiSlice.ts" path="C:\Arshil\companyAssignments\insuranceDashbord\src\features\coi\store\coiSlice.ts">
        <metrics statements="16" coveredstatements="12" conditionals="4" coveredconditionals="1" methods="8" coveredmethods="5"/>
        <line num="1" count="10" type="stmt"/>
        <line num="3" count="10" type="stmt"/>
        <line num="9" count="10" type="stmt"/>
        <line num="13" count="10" type="stmt"/>
        <line num="18" count="1" type="stmt"/>
        <line num="23" count="1" type="stmt"/>
        <line num="26" count="26" type="stmt"/>
        <line num="27" count="1" type="cond" truecount="1" falsecount="1"/>
        <line num="28" count="1" type="stmt"/>
        <line num="32" count="53" type="stmt"/>
        <line num="35" count="0" type="stmt"/>
        <line num="36" count="0" type="cond" truecount="0" falsecount="2"/>
        <line num="37" count="0" type="stmt"/>
        <line num="41" count="0" type="stmt"/>
        <line num="46" count="10" type="stmt"/>
        <line num="47" count="10" type="stmt"/>
      </file>
    </package>
    <package name="src.lib">
      <metrics statements="4" coveredstatements="4" conditionals="0" coveredconditionals="0" methods="1" coveredmethods="1"/>
      <file name="utils.ts" path="C:\Arshil\companyAssignments\insuranceDashbord\src\lib\utils.ts">
        <metrics statements="4" coveredstatements="4" conditionals="0" coveredconditionals="0" methods="1" coveredmethods="1"/>
        <line num="1" count="12" type="stmt"/>
        <line num="2" count="12" type="stmt"/>
        <line num="4" count="12" type="stmt"/>
        <line num="5" count="2004" type="stmt"/>
      </file>
    </package>
    <package name="src.pages">
      <metrics statements="104" coveredstatements="84" conditionals="12" coveredconditionals="9" methods="38" coveredmethods="25"/>
      <file name="AnalysisResults.tsx" path="C:\Arshil\companyAssignments\insuranceDashbord\src\pages\AnalysisResults.tsx">
        <metrics statements="4" coveredstatements="4" conditionals="0" coveredconditionals="0" methods="1" coveredmethods="1"/>
        <line num="1" count="1" type="stmt"/>
        <line num="3" count="1" type="stmt"/>
        <line num="4" count="1" type="stmt"/>
        <line num="18" count="1" type="stmt"/>
      </file>
      <file name="ContractVault.tsx" path="C:\Arshil\companyAssignments\insuranceDashbord\src\pages\ContractVault.tsx">
        <metrics statements="4" coveredstatements="4" conditionals="0" coveredconditionals="0" methods="1" coveredmethods="1"/>
        <line num="1" count="1" type="stmt"/>
        <line num="3" count="1" type="stmt"/>
        <line num="4" count="1" type="stmt"/>
        <line num="18" count="1" type="stmt"/>
      </file>
      <file name="Dashboard.tsx" path="C:\Arshil\companyAssignments\insuranceDashbord\src\pages\Dashboard.tsx">
        <metrics statements="92" coveredstatements="72" conditionals="12" coveredconditionals="9" methods="35" coveredmethods="22"/>
        <line num="1" count="2" type="stmt"/>
        <line num="2" count="2" type="stmt"/>
        <line num="4" count="2" type="stmt"/>
        <line num="5" count="2" type="stmt"/>
        <line num="6" count="2" type="stmt"/>
        <line num="7" count="2" type="stmt"/>
        <line num="8" count="2" type="stmt"/>
        <line num="9" count="2" type="stmt"/>
        <line num="10" count="2" type="stmt"/>
        <line num="11" count="2" type="stmt"/>
        <line num="12" count="2" type="stmt"/>
        <line num="13" count="2" type="stmt"/>
        <line num="14" count="2" type="stmt"/>
        <line num="16" count="2" type="stmt"/>
        <line num="17" count="2" type="stmt"/>
        <line num="18" count="2" type="stmt"/>
        <line num="19" count="2" type="stmt"/>
        <line num="21" count="2" type="stmt"/>
        <line num="22" count="45" type="stmt"/>
        <line num="23" count="29" type="stmt"/>
        <line num="37" count="29" type="stmt"/>
        <line num="39" count="29" type="stmt"/>
        <line num="48" count="29" type="stmt"/>
        <line num="50" count="29" type="stmt"/>
        <line num="51" count="29" type="stmt"/>
        <line num="52" count="29" type="stmt"/>
        <line num="53" count="29" type="stmt"/>
        <line num="54" count="29" type="stmt"/>
        <line num="55" count="29" type="stmt"/>
        <line num="56" count="29" type="stmt"/>
        <line num="57" count="29" type="stmt"/>
        <line num="58" count="29" type="stmt"/>
        <line num="61" count="29" type="stmt"/>
        <line num="62" count="1" type="cond" truecount="1" falsecount="1"/>
        <line num="63" count="52" type="stmt"/>
        <line num="65" count="0" type="stmt"/>
        <line num="69" count="29" type="stmt"/>
        <line num="70" count="2" type="cond" truecount="2" falsecount="0"/>
        <line num="71" count="1" type="stmt"/>
        <line num="73" count="1" type="stmt"/>
        <line num="77" count="29" type="stmt"/>
        <line num="78" count="0" type="stmt"/>
        <line num="81" count="29" type="stmt"/>
        <line num="82" count="1" type="stmt"/>
        <line num="85" count="29" type="stmt"/>
        <line num="86" count="2" type="stmt"/>
        <line num="87" count="2" type="stmt"/>
        <line num="90" count="29" type="stmt"/>
        <line num="91" count="1" type="stmt"/>
        <line num="92" count="1" type="stmt"/>
        <line num="93" count="1" type="stmt"/>
        <line num="96" count="29" type="stmt"/>
        <line num="97" count="2" type="stmt"/>
        <line num="98" count="2" type="stmt"/>
        <line num="101" count="29" type="stmt"/>
        <line num="102" count="1" type="cond" truecount="1" falsecount="1"/>
        <line num="103" count="1" type="stmt"/>
        <line num="104" count="1" type="stmt"/>
        <line num="105" count="1" type="stmt"/>
        <line num="106" count="1" type="stmt"/>
        <line num="110" count="29" type="stmt"/>
        <line num="111" count="1" type="stmt"/>
        <line num="112" count="1" type="stmt"/>
        <line num="115" count="29" type="stmt"/>
        <line num="116" count="0" type="stmt"/>
        <line num="117" count="0" type="stmt"/>
        <line num="120" count="29" type="stmt"/>
        <line num="124" count="1" type="stmt"/>
        <line num="125" count="1" type="stmt"/>
        <line num="126" count="1" type="stmt"/>
        <line num="145" count="0" type="stmt"/>
        <line num="146" count="0" type="stmt"/>
        <line num="150" count="0" type="stmt"/>
        <line num="151" count="0" type="stmt"/>
        <line num="156" count="0" type="stmt"/>
        <line num="157" count="0" type="stmt"/>
        <line num="160" count="0" type="stmt"/>
        <line num="161" count="0" type="stmt"/>
        <line num="163" count="2" type="stmt"/>
        <line num="164" count="0" type="stmt"/>
        <line num="190" count="1" type="stmt"/>
        <line num="197" count="1" type="stmt"/>
        <line num="198" count="1" type="stmt"/>
        <line num="207" count="0" type="stmt"/>
        <line num="208" count="0" type="stmt"/>
        <line num="211" count="51" type="cond" truecount="5" falsecount="1"/>
        <line num="216" count="0" type="stmt"/>
        <line num="221" count="0" type="stmt"/>
        <line num="226" count="0" type="stmt"/>
        <line num="228" count="0" type="stmt"/>
        <line num="229" count="0" type="stmt"/>
        <line num="237" count="2" type="stmt"/>
      </file>
      <file name="Settings.tsx" path="C:\Arshil\companyAssignments\insuranceDashbord\src\pages\Settings.tsx">
        <metrics statements="4" coveredstatements="4" conditionals="0" coveredconditionals="0" methods="1" coveredmethods="1"/>
        <line num="1" count="1" type="stmt"/>
        <line num="3" count="1" type="stmt"/>
        <line num="4" count="1" type="stmt"/>
        <line num="32" count="1" type="stmt"/>
      </file>
    </package>
    <package name="src.store">
      <metrics statements="3" coveredstatements="3" conditionals="0" coveredconditionals="0" methods="0" coveredmethods="0"/>
      <file name="index.ts" path="C:\Arshil\companyAssignments\insuranceDashbord\src\store\index.ts">
        <metrics statements="3" coveredstatements="3" conditionals="0" coveredconditionals="0" methods="0" coveredmethods="0"/>
        <line num="1" count="10" type="stmt"/>
        <line num="2" count="10" type="stmt"/>
        <line num="4" count="10" type="stmt"/>
      </file>
    </package>
    <package name="src.utils">
      <metrics statements="41" coveredstatements="12" conditionals="18" coveredconditionals="0" methods="6" coveredmethods="2"/>
      <file name="exportCSV.ts" path="C:\Arshil\companyAssignments\insuranceDashbord\src\utils\exportCSV.ts">
        <metrics statements="30" coveredstatements="1" conditionals="18" coveredconditionals="0" methods="4" coveredmethods="0"/>
        <line num="3" count="2" type="cond" truecount="0" falsecount="1"/>
        <line num="4" count="0" type="cond" truecount="0" falsecount="4"/>
        <line num="5" count="0" type="stmt"/>
        <line num="6" count="0" type="stmt"/>
        <line num="10" count="0" type="stmt"/>
        <line num="22" count="0" type="stmt"/>
        <line num="23" count="0" type="cond" truecount="0" falsecount="4"/>
        <line num="24" count="0" type="stmt"/>
        <line num="26" count="0" type="cond" truecount="0" falsecount="5"/>
        <line num="27" count="0" type="stmt"/>
        <line num="30" count="0" type="stmt"/>
        <line num="33" count="0" type="stmt"/>
        <line num="36" count="0" type="stmt"/>
        <line num="39" count="0" type="stmt"/>
        <line num="40" count="0" type="stmt"/>
        <line num="42" count="0" type="stmt"/>
        <line num="44" count="0" type="cond" truecount="0" falsecount="4"/>
        <line num="45" count="0" type="stmt"/>
        <line num="47" count="0" type="stmt"/>
        <line num="50" count="0" type="stmt"/>
        <line num="54" count="0" type="stmt"/>
        <line num="55" count="0" type="stmt"/>
        <line num="58" count="0" type="stmt"/>
        <line num="59" count="0" type="stmt"/>
        <line num="61" count="0" type="stmt"/>
        <line num="62" count="0" type="stmt"/>
        <line num="63" count="0" type="stmt"/>
        <line num="64" count="0" type="stmt"/>
        <line num="66" count="0" type="stmt"/>
        <line num="67" count="0" type="stmt"/>
      </file>
      <file name="test-utils.tsx" path="C:\Arshil\companyAssignments\insuranceDashbord\src\utils\test-utils.tsx">
        <metrics statements="11" coveredstatements="11" conditionals="0" coveredconditionals="0" methods="2" coveredmethods="2"/>
        <line num="1" count="9" type="stmt"/>
        <line num="2" count="9" type="stmt"/>
        <line num="3" count="9" type="stmt"/>
        <line num="4" count="9" type="stmt"/>
        <line num="5" count="9" type="stmt"/>
        <line num="7" count="9" type="stmt"/>
        <line num="8" count="27" type="stmt"/>
        <line num="15" count="9" type="stmt"/>
        <line num="18" count="27" type="stmt"/>
        <line num="20" count="9" type="stmt"/>
        <line num="21" count="9" type="stmt"/>
      </file>
    </package>
  </project>
</coverage>
