{"C:\\Arshil\\companyAssignments\\insuranceDashbord\\src\\App.tsx": {"path":"C:\\Arshil\\companyAssignments\\insuranceDashbord\\src\\App.tsx","statementMap":{"0":{"start":{"line":1,"column":0},"end":{"line":1,"column":39}},"1":{"start":{"line":2,"column":0},"end":{"line":2,"column":49}},"2":{"start":{"line":3,"column":0},"end":{"line":3,"column":70}},"3":{"start":{"line":5,"column":18},"end":{"line":5,"column":57}},"4":{"start":{"line":5,"column":28},"end":{"line":5,"column":56}},"5":{"start":{"line":6,"column":17},"end":{"line":6,"column":55}},"6":{"start":{"line":6,"column":27},"end":{"line":6,"column":54}},"7":{"start":{"line":7,"column":22},"end":{"line":7,"column":65}},"8":{"start":{"line":7,"column":32},"end":{"line":7,"column":64}},"9":{"start":{"line":8,"column":24},"end":{"line":8,"column":69}},"10":{"start":{"line":8,"column":34},"end":{"line":8,"column":68}},"11":{"start":{"line":11,"column":19},"end":{"line":17,"column":null}},"12":{"start":{"line":12,"column":2},"end":{"line":16,"column":null}},"13":{"start":{"line":21,"column":2},"end":{"line":32,"column":4}},"14":{"start":{"line":35,"column":0},"end":{"line":35,"column":19}}},"fnMap":{"0":{"name":"(anonymous_0)","decl":{"start":{"line":5,"column":23},"end":{"line":5,"column":26}},"loc":{"start":{"line":5,"column":28},"end":{"line":5,"column":56}}},"1":{"name":"(anonymous_1)","decl":{"start":{"line":5,"column":28},"end":{"line":5,"column":36}},"loc":{"start":{"line":5,"column":28},"end":{"line":5,"column":56}}},"2":{"name":"(anonymous_2)","decl":{"start":{"line":6,"column":22},"end":{"line":6,"column":25}},"loc":{"start":{"line":6,"column":27},"end":{"line":6,"column":54}}},"3":{"name":"(anonymous_3)","decl":{"start":{"line":6,"column":27},"end":{"line":6,"column":35}},"loc":{"start":{"line":6,"column":27},"end":{"line":6,"column":54}}},"4":{"name":"(anonymous_4)","decl":{"start":{"line":7,"column":27},"end":{"line":7,"column":30}},"loc":{"start":{"line":7,"column":32},"end":{"line":7,"column":64}}},"5":{"name":"(anonymous_5)","decl":{"start":{"line":7,"column":32},"end":{"line":7,"column":40}},"loc":{"start":{"line":7,"column":32},"end":{"line":7,"column":64}}},"6":{"name":"(anonymous_6)","decl":{"start":{"line":8,"column":29},"end":{"line":8,"column":32}},"loc":{"start":{"line":8,"column":34},"end":{"line":8,"column":68}}},"7":{"name":"(anonymous_7)","decl":{"start":{"line":8,"column":34},"end":{"line":8,"column":42}},"loc":{"start":{"line":8,"column":34},"end":{"line":8,"column":68}}},"8":{"name":"(anonymous_8)","decl":{"start":{"line":11,"column":19},"end":{"line":11,"column":22}},"loc":{"start":{"line":12,"column":2},"end":{"line":16,"column":null}}},"9":{"name":"App","decl":{"start":{"line":20,"column":9},"end":{"line":20,"column":12}},"loc":{"start":{"line":20,"column":12},"end":{"line":33,"column":1}}}},"branchMap":{},"s":{"0":1,"1":1,"2":1,"3":1,"4":2,"5":1,"6":0,"7":1,"8":0,"9":1,"10":0,"11":1,"12":1,"13":1,"14":1},"f":{"0":1,"1":1,"2":0,"3":0,"4":0,"5":0,"6":0,"7":0,"8":1,"9":1},"b":{}}
,"C:\\Arshil\\companyAssignments\\insuranceDashbord\\src\\assets\\index.ts": {"path":"C:\\Arshil\\companyAssignments\\insuranceDashbord\\src\\assets\\index.ts","statementMap":{"0":{"start":{"line":2,"column":0},"end":{"line":2,"column":7}},"1":{"start":{"line":29,"column":2},"end":{"line":2,"column":66}},"2":{"start":{"line":3,"column":0},"end":{"line":3,"column":7}},"3":{"start":{"line":30,"column":2},"end":{"line":3,"column":64}},"4":{"start":{"line":4,"column":0},"end":{"line":4,"column":7}},"5":{"start":{"line":31,"column":2},"end":{"line":4,"column":54}},"6":{"start":{"line":5,"column":0},"end":{"line":5,"column":7}},"7":{"start":{"line":32,"column":2},"end":{"line":5,"column":58}},"8":{"start":{"line":6,"column":0},"end":{"line":6,"column":7}},"9":{"start":{"line":33,"column":2},"end":{"line":6,"column":54}},"10":{"start":{"line":7,"column":0},"end":{"line":7,"column":7}},"11":{"start":{"line":34,"column":2},"end":{"line":7,"column":48}},"12":{"start":{"line":10,"column":0},"end":{"line":10,"column":7}},"13":{"start":{"line":36,"column":2},"end":{"line":10,"column":41}},"14":{"start":{"line":11,"column":0},"end":{"line":11,"column":7}},"15":{"start":{"line":37,"column":2},"end":{"line":11,"column":47}},"16":{"start":{"line":12,"column":0},"end":{"line":12,"column":7}},"17":{"start":{"line":38,"column":2},"end":{"line":12,"column":45}},"18":{"start":{"line":13,"column":0},"end":{"line":13,"column":7}},"19":{"start":{"line":39,"column":2},"end":{"line":13,"column":55}},"20":{"start":{"line":16,"column":0},"end":{"line":16,"column":7}},"21":{"start":{"line":40,"column":2},"end":{"line":16,"column":60}},"22":{"start":{"line":17,"column":0},"end":{"line":17,"column":7}},"23":{"start":{"line":41,"column":2},"end":{"line":17,"column":52}},"24":{"start":{"line":18,"column":0},"end":{"line":18,"column":7}},"25":{"start":{"line":42,"column":2},"end":{"line":18,"column":52}},"26":{"start":{"line":19,"column":0},"end":{"line":19,"column":7}},"27":{"start":{"line":43,"column":2},"end":{"line":19,"column":48}},"28":{"start":{"line":22,"column":0},"end":{"line":22,"column":7}},"29":{"start":{"line":35,"column":2},"end":{"line":22,"column":43}},"30":{"start":{"line":23,"column":0},"end":{"line":23,"column":7}},"31":{"start":{"line":44,"column":2},"end":{"line":23,"column":53}},"32":{"start":{"line":24,"column":0},"end":{"line":24,"column":7}},"33":{"start":{"line":45,"column":2},"end":{"line":24,"column":51}},"34":{"start":{"line":25,"column":0},"end":{"line":25,"column":7}},"35":{"start":{"line":46,"column":2},"end":{"line":25,"column":53}},"36":{"start":{"line":26,"column":0},"end":{"line":26,"column":7}},"37":{"start":{"line":47,"column":2},"end":{"line":26,"column":57}}},"fnMap":{},"branchMap":{},"s":{"0":10,"1":10,"2":10,"3":10,"4":10,"5":10,"6":10,"7":10,"8":10,"9":10,"10":10,"11":10,"12":10,"13":10,"14":10,"15":10,"16":10,"17":10,"18":10,"19":10,"20":10,"21":10,"22":10,"23":10,"24":10,"25":10,"26":10,"27":10,"28":10,"29":10,"30":10,"31":10,"32":10,"33":10,"34":10,"35":10,"36":10,"37":10},"f":{},"b":{}}
,"C:\\Arshil\\companyAssignments\\insuranceDashbord\\src\\components\\ThemeToggle.tsx": {"path":"C:\\Arshil\\companyAssignments\\insuranceDashbord\\src\\components\\ThemeToggle.tsx","statementMap":{"0":{"start":{"line":5,"column":0},"end":{"line":5,"column":16}},"1":{"start":{"line":1,"column":0},"end":{"line":1,"column":41}},"2":{"start":{"line":2,"column":0},"end":{"line":2,"column":44}},"3":{"start":{"line":3,"column":0},"end":{"line":3,"column":37}},"4":{"start":{"line":6,"column":30},"end":{"line":6,"column":40}},"5":{"start":{"line":8,"column":2},"end":{"line":18,"column":4}},"6":{"start":{"line":11,"column":21},"end":{"line":11,"column":66}}},"fnMap":{"0":{"name":"ThemeToggle","decl":{"start":{"line":5,"column":16},"end":{"line":5,"column":27}},"loc":{"start":{"line":5,"column":27},"end":{"line":19,"column":1}}},"1":{"name":"(anonymous_1)","decl":{"start":{"line":11,"column":15},"end":{"line":11,"column":18}},"loc":{"start":{"line":11,"column":21},"end":{"line":11,"column":66}}}},"branchMap":{"0":{"loc":{"start":{"line":11,"column":30},"end":{"line":11,"column":65}},"type":"cond-expr","locations":[{"start":{"line":11,"column":49},"end":{"line":11,"column":56}},{"start":{"line":11,"column":59},"end":{"line":11,"column":65}}]}},"s":{"0":7,"1":7,"2":7,"3":7,"4":39,"5":39,"6":1},"f":{"0":39,"1":1},"b":{"0":[0,1]}}
,"C:\\Arshil\\companyAssignments\\insuranceDashbord\\src\\components\\theme-provider.tsx": {"path":"C:\\Arshil\\companyAssignments\\insuranceDashbord\\src\\components\\theme-provider.tsx","statementMap":{"0":{"start":{"line":23,"column":0},"end":{"line":23,"column":16}},"1":{"start":{"line":1,"column":0},"end":{"line":1,"column":71}},"2":{"start":{"line":16,"column":41},"end":{"line":19,"column":2}},"3":{"start":{"line":18,"column":18},"end":{"line":18,"column":22}},"4":{"start":{"line":21,"column":29},"end":{"line":21,"column":76}},"5":{"start":{"line":26,"column":30},"end":{"line":26,"column":null}},"6":{"start":{"line":27,"column":10},"end":{"line":28,"column":21}},"7":{"start":{"line":29,"column":28},"end":{"line":30,"column":null}},"8":{"start":{"line":30,"column":11},"end":{"line":30,"column":69}},"9":{"start":{"line":33,"column":2},"end":{"line":49,"column":14}},"10":{"start":{"line":34,"column":17},"end":{"line":34,"column":48}},"11":{"start":{"line":36,"column":4},"end":{"line":36,"column":43}},"12":{"start":{"line":38,"column":4},"end":{"line":46,"column":5}},"13":{"start":{"line":39,"column":26},"end":{"line":42,"column":17}},"14":{"start":{"line":44,"column":6},"end":{"line":44,"column":38}},"15":{"start":{"line":45,"column":6},"end":{"line":45,"column":13}},"16":{"start":{"line":48,"column":4},"end":{"line":48,"column":30}},"17":{"start":{"line":51,"column":16},"end":{"line":57,"column":4}},"18":{"start":{"line":54,"column":6},"end":{"line":54,"column":46}},"19":{"start":{"line":55,"column":6},"end":{"line":55,"column":22}},"20":{"start":{"line":59,"column":2},"end":{"line":63,"column":4}},"21":{"start":{"line":66,"column":24},"end":{"line":73,"column":1}},"22":{"start":{"line":67,"column":18},"end":{"line":67,"column":50}},"23":{"start":{"line":69,"column":2},"end":{"line":70,"column":68}},"24":{"start":{"line":70,"column":4},"end":{"line":70,"column":68}},"25":{"start":{"line":72,"column":2},"end":{"line":72,"column":17}},"26":{"start":{"line":66,"column":13},"end":{"line":66,"column":24}}},"fnMap":{"0":{"name":"(anonymous_1)","decl":{"start":{"line":18,"column":12},"end":{"line":18,"column":15}},"loc":{"start":{"line":18,"column":18},"end":{"line":18,"column":22}}},"1":{"name":"ThemeProvider","decl":{"start":{"line":23,"column":16},"end":{"line":23,"column":29}},"loc":{"start":{"line":28,"column":21},"end":{"line":64,"column":1}}},"2":{"name":"(anonymous_3)","decl":{"start":{"line":30,"column":4},"end":{"line":30,"column":7}},"loc":{"start":{"line":30,"column":11},"end":{"line":30,"column":69}}},"3":{"name":"(anonymous_4)","decl":{"start":{"line":33,"column":12},"end":{"line":33,"column":15}},"loc":{"start":{"line":33,"column":17},"end":{"line":49,"column":3}}},"4":{"name":"(anonymous_5)","decl":{"start":{"line":53,"column":14},"end":{"line":53,"column":15}},"loc":{"start":{"line":53,"column":31},"end":{"line":56,"column":5}}},"5":{"name":"(anonymous_6)","decl":{"start":{"line":66,"column":24},"end":{"line":66,"column":27}},"loc":{"start":{"line":66,"column":29},"end":{"line":73,"column":1}}}},"branchMap":{"0":{"loc":{"start":{"line":25,"column":2},"end":{"line":25,"column":25}},"type":"default-arg","locations":[{"start":{"line":25,"column":17},"end":{"line":25,"column":25}}]},"1":{"loc":{"start":{"line":26,"column":2},"end":{"line":26,"column":30}},"type":"default-arg","locations":[{"start":{"line":26,"column":15},"end":{"line":26,"column":30}}]},"2":{"loc":{"start":{"line":30,"column":11},"end":{"line":30,"column":69}},"type":"binary-expr","locations":[{"start":{"line":30,"column":11},"end":{"line":30,"column":53}},{"start":{"line":30,"column":57},"end":{"line":30,"column":69}}]},"3":{"loc":{"start":{"line":38,"column":4},"end":{"line":46,"column":5}},"type":"if","locations":[{"start":{"line":38,"column":4},"end":{"line":46,"column":5}},{"start":{},"end":{}}]},"4":{"loc":{"start":{"line":39,"column":26},"end":{"line":42,"column":17}},"type":"cond-expr","locations":[{"start":{"line":41,"column":10},"end":{"line":41,"column":16}},{"start":{"line":42,"column":10},"end":{"line":42,"column":17}}]},"5":{"loc":{"start":{"line":69,"column":2},"end":{"line":70,"column":68}},"type":"if","locations":[{"start":{"line":69,"column":2},"end":{"line":70,"column":68}},{"start":{},"end":{}}]}},"s":{"0":7,"1":7,"2":7,"3":0,"4":7,"5":3,"6":3,"7":3,"8":2,"9":3,"10":3,"11":3,"12":3,"13":0,"14":0,"15":0,"16":3,"17":3,"18":1,"19":1,"20":3,"21":7,"22":39,"23":39,"24":0,"25":39,"26":7},"f":{"0":0,"1":3,"2":2,"3":3,"4":1,"5":39},"b":{"0":[0],"1":[0],"2":[2,2],"3":[0,3],"4":[0,0],"5":[0,39]}}
,"C:\\Arshil\\companyAssignments\\insuranceDashbord\\src\\components\\layout\\DashboardLayout.tsx": {"path":"C:\\Arshil\\companyAssignments\\insuranceDashbord\\src\\components\\layout\\DashboardLayout.tsx","statementMap":{"0":{"start":{"line":1,"column":0},"end":{"line":1,"column":40}},"1":{"start":{"line":2,"column":0},"end":{"line":2,"column":36}},"2":{"start":{"line":3,"column":0},"end":{"line":3,"column":39}},"3":{"start":{"line":4,"column":0},"end":{"line":4,"column":38}},"4":{"start":{"line":6,"column":31},"end":{"line":41,"column":1}},"5":{"start":{"line":7,"column":50},"end":{"line":7,"column":65}},"6":{"start":{"line":9,"column":2},"end":{"line":40,"column":4}},"7":{"start":{"line":17,"column":27},"end":{"line":17,"column":65}},"8":{"start":{"line":27,"column":27},"end":{"line":27,"column":53}},"9":{"start":{"line":6,"column":13},"end":{"line":6,"column":31}}},"fnMap":{"0":{"name":"(anonymous_0)","decl":{"start":{"line":6,"column":31},"end":{"line":6,"column":32}},"loc":{"start":{"line":6,"column":79},"end":{"line":41,"column":1}}},"1":{"name":"(anonymous_1)","decl":{"start":{"line":17,"column":21},"end":{"line":17,"column":24}},"loc":{"start":{"line":17,"column":27},"end":{"line":17,"column":65}}},"2":{"name":"(anonymous_2)","decl":{"start":{"line":27,"column":21},"end":{"line":27,"column":24}},"loc":{"start":{"line":27,"column":27},"end":{"line":27,"column":53}}}},"branchMap":{"0":{"loc":{"start":{"line":19,"column":13},"end":{"line":19,"column":88}},"type":"cond-expr","locations":[{"start":{"line":19,"column":32},"end":{"line":19,"column":57}},{"start":{"line":19,"column":60},"end":{"line":19,"column":88}}]},"1":{"loc":{"start":{"line":24,"column":9},"end":{"line":28,"column":null}},"type":"binary-expr","locations":[{"start":{"line":24,"column":9},"end":{"line":24,"column":25}},{"start":{"line":25,"column":10},"end":{"line":27,"column":null}}]},"2":{"loc":{"start":{"line":31,"column":60},"end":{"line":31,"column":116}},"type":"cond-expr","locations":[{"start":{"line":31,"column":79},"end":{"line":31,"column":94}},{"start":{"line":31,"column":97},"end":{"line":31,"column":116}}]}},"s":{"0":2,"1":2,"2":2,"3":2,"4":2,"5":2,"6":2,"7":0,"8":0,"9":2},"f":{"0":2,"1":0,"2":0},"b":{"0":[0,2],"1":[2,0],"2":[0,2]}}
,"C:\\Arshil\\companyAssignments\\insuranceDashbord\\src\\components\\layout\\Header.tsx": {"path":"C:\\Arshil\\companyAssignments\\insuranceDashbord\\src\\components\\layout\\Header.tsx","statementMap":{"0":{"start":{"line":1,"column":0},"end":{"line":1,"column":59}},"1":{"start":{"line":2,"column":0},"end":{"line":2,"column":38}},"2":{"start":{"line":3,"column":0},"end":{"line":3,"column":45}},"3":{"start":{"line":4,"column":0},"end":{"line":4,"column":46}},"4":{"start":{"line":15,"column":22},"end":{"line":68,"column":1}},"5":{"start":{"line":23,"column":2},"end":{"line":67,"column":4}},"6":{"start":{"line":15,"column":13},"end":{"line":15,"column":22}}},"fnMap":{"0":{"name":"(anonymous_0)","decl":{"start":{"line":15,"column":22},"end":{"line":15,"column":23}},"loc":{"start":{"line":22,"column":18},"end":{"line":68,"column":1}}}},"branchMap":{"0":{"loc":{"start":{"line":16,"column":2},"end":{"line":16,"column":19}},"type":"default-arg","locations":[{"start":{"line":16,"column":18},"end":{"line":16,"column":19}}]},"1":{"loc":{"start":{"line":20,"column":2},"end":{"line":20,"column":32}},"type":"default-arg","locations":[{"start":{"line":20,"column":10},"end":{"line":20,"column":32}}]},"2":{"loc":{"start":{"line":21,"column":2},"end":{"line":21,"column":58}},"type":"default-arg","locations":[{"start":{"line":21,"column":16},"end":{"line":21,"column":58}}]},"3":{"loc":{"start":{"line":30,"column":9},"end":{"line":33,"column":null}},"type":"binary-expr","locations":[{"start":{"line":30,"column":9},"end":{"line":30,"column":20}},{"start":{"line":31,"column":10},"end":{"line":32,"column":null}}]},"4":{"loc":{"start":{"line":47,"column":13},"end":{"line":49,"column":36}},"type":"cond-expr","locations":[{"start":{"line":48,"column":16},"end":{"line":48,"column":79}},{"start":{"line":49,"column":16},"end":{"line":49,"column":36}}]},"5":{"loc":{"start":{"line":48,"column":49},"end":{"line":48,"column":77}},"type":"cond-expr","locations":[{"start":{"line":48,"column":69},"end":{"line":48,"column":72}},{"start":{"line":48,"column":75},"end":{"line":48,"column":77}}]}},"s":{"0":6,"1":6,"2":6,"3":6,"4":6,"5":36,"6":6},"f":{"0":36},"b":{"0":[5],"1":[3],"2":[3],"3":[36,36],"4":[4,32],"5":[3,1]}}
,"C:\\Arshil\\companyAssignments\\insuranceDashbord\\src\\components\\layout\\Sidebar.tsx": {"path":"C:\\Arshil\\companyAssignments\\insuranceDashbord\\src\\components\\layout\\Sidebar.tsx","statementMap":{"0":{"start":{"line":1,"column":0},"end":{"line":1,"column":33}},"1":{"start":{"line":2,"column":0},"end":{"line":2,"column":43}},"2":{"start":{"line":3,"column":0},"end":{"line":3,"column":37}},"3":{"start":{"line":5,"column":0},"end":{"line":5,"column":null}},"4":{"start":{"line":14,"column":0},"end":{"line":14,"column":38}},"5":{"start":{"line":16,"column":19},"end":{"line":21,"column":2}},"6":{"start":{"line":23,"column":23},"end":{"line":112,"column":1}},"7":{"start":{"line":24,"column":40},"end":{"line":24,"column":55}},"8":{"start":{"line":26,"column":2},"end":{"line":111,"column":4}},"9":{"start":{"line":49,"column":25},"end":{"line":49,"column":53}},"10":{"start":{"line":86,"column":10},"end":{"line":87,"column":null}},"11":{"start":{"line":89,"column":41},"end":{"line":94,"column":null}},"12":{"start":{"line":23,"column":13},"end":{"line":23,"column":23}}},"fnMap":{"0":{"name":"(anonymous_0)","decl":{"start":{"line":23,"column":23},"end":{"line":23,"column":26}},"loc":{"start":{"line":23,"column":28},"end":{"line":112,"column":1}}},"1":{"name":"(anonymous_1)","decl":{"start":{"line":49,"column":19},"end":{"line":49,"column":22}},"loc":{"start":{"line":49,"column":25},"end":{"line":49,"column":53}}},"2":{"name":"(anonymous_2)","decl":{"start":{"line":85,"column":24},"end":{"line":85,"column":25}},"loc":{"start":{"line":86,"column":10},"end":{"line":87,"column":null}}},"3":{"name":"(anonymous_3)","decl":{"start":{"line":89,"column":23},"end":{"line":89,"column":24}},"loc":{"start":{"line":89,"column":41},"end":{"line":94,"column":null}}}},"branchMap":{"0":{"loc":{"start":{"line":30,"column":8},"end":{"line":30,"column":37}},"type":"cond-expr","locations":[{"start":{"line":30,"column":22},"end":{"line":30,"column":28}},{"start":{"line":30,"column":31},"end":{"line":30,"column":37}}]},"1":{"loc":{"start":{"line":42,"column":14},"end":{"line":42,"column":66}},"type":"cond-expr","locations":[{"start":{"line":42,"column":28},"end":{"line":42,"column":50}},{"start":{"line":42,"column":53},"end":{"line":42,"column":66}}]},"2":{"loc":{"start":{"line":57,"column":14},"end":{"line":57,"column":41}},"type":"binary-expr","locations":[{"start":{"line":57,"column":14},"end":{"line":57,"column":25}},{"start":{"line":57,"column":29},"end":{"line":57,"column":41}}]},"3":{"loc":{"start":{"line":67,"column":78},"end":{"line":67,"column":118}},"type":"cond-expr","locations":[{"start":{"line":67,"column":92},"end":{"line":67,"column":113}},{"start":{"line":67,"column":116},"end":{"line":67,"column":118}}]},"4":{"loc":{"start":{"line":68,"column":19},"end":{"line":68,"column":52}},"type":"cond-expr","locations":[{"start":{"line":68,"column":33},"end":{"line":68,"column":42}},{"start":{"line":68,"column":45},"end":{"line":68,"column":52}}]},"5":{"loc":{"start":{"line":69,"column":21},"end":{"line":69,"column":54}},"type":"cond-expr","locations":[{"start":{"line":69,"column":35},"end":{"line":69,"column":42}},{"start":{"line":69,"column":45},"end":{"line":69,"column":54}}]},"6":{"loc":{"start":{"line":75,"column":14},"end":{"line":75,"column":66}},"type":"cond-expr","locations":[{"start":{"line":75,"column":28},"end":{"line":75,"column":50}},{"start":{"line":75,"column":53},"end":{"line":75,"column":66}}]},"7":{"loc":{"start":{"line":90,"column":14},"end":{"line":92,"column":138}},"type":"cond-expr","locations":[{"start":{"line":91,"column":18},"end":{"line":91,"column":95}},{"start":{"line":92,"column":18},"end":{"line":92,"column":138}}]},"8":{"loc":{"start":{"line":94,"column":14},"end":{"line":94,"column":54}},"type":"cond-expr","locations":[{"start":{"line":94,"column":28},"end":{"line":94,"column":44}},{"start":{"line":94,"column":47},"end":{"line":94,"column":54}}]},"9":{"loc":{"start":{"line":96,"column":19},"end":{"line":96,"column":54}},"type":"cond-expr","locations":[{"start":{"line":96,"column":33},"end":{"line":96,"column":42}},{"start":{"line":96,"column":45},"end":{"line":96,"column":54}}]},"10":{"loc":{"start":{"line":102,"column":16},"end":{"line":102,"column":68}},"type":"cond-expr","locations":[{"start":{"line":102,"column":30},"end":{"line":102,"column":52}},{"start":{"line":102,"column":55},"end":{"line":102,"column":68}}]}},"s":{"0":3,"1":3,"2":3,"3":3,"4":3,"5":3,"6":3,"7":4,"8":4,"9":0,"10":16,"11":16,"12":3},"f":{"0":4,"1":0,"2":16,"3":16},"b":{"0":[0,4],"1":[0,4],"2":[4,0],"3":[0,4],"4":[0,4],"5":[0,4],"6":[0,4],"7":[4,12],"8":[0,16],"9":[0,16],"10":[0,16]}}
,"C:\\Arshil\\companyAssignments\\insuranceDashbord\\src\\components\\layout\\UserDropdown.tsx": {"path":"C:\\Arshil\\companyAssignments\\insuranceDashbord\\src\\components\\layout\\UserDropdown.tsx","statementMap":{"0":{"start":{"line":1,"column":0},"end":{"line":1,"column":52}},"1":{"start":{"line":2,"column":0},"end":{"line":2,"column":45}},"2":{"start":{"line":3,"column":0},"end":{"line":3,"column":54}},"3":{"start":{"line":5,"column":28},"end":{"line":68,"column":1}},"4":{"start":{"line":6,"column":30},"end":{"line":6,"column":45}},"5":{"start":{"line":7,"column":22},"end":{"line":7,"column":50}},"6":{"start":{"line":10,"column":2},"end":{"line":24,"column":15}},"7":{"start":{"line":11,"column":31},"end":{"line":15,"column":5}},"8":{"start":{"line":12,"column":6},"end":{"line":14,"column":7}},"9":{"start":{"line":13,"column":8},"end":{"line":13,"column":25}},"10":{"start":{"line":17,"column":4},"end":{"line":19,"column":5}},"11":{"start":{"line":18,"column":6},"end":{"line":18,"column":65}},"12":{"start":{"line":21,"column":4},"end":{"line":23,"column":6}},"13":{"start":{"line":22,"column":6},"end":{"line":22,"column":68}},"14":{"start":{"line":26,"column":2},"end":{"line":67,"column":4}},"15":{"start":{"line":30,"column":23},"end":{"line":30,"column":41}},"16":{"start":{"line":5,"column":13},"end":{"line":5,"column":28}}},"fnMap":{"0":{"name":"(anonymous_0)","decl":{"start":{"line":5,"column":28},"end":{"line":5,"column":31}},"loc":{"start":{"line":5,"column":33},"end":{"line":68,"column":1}}},"1":{"name":"(anonymous_1)","decl":{"start":{"line":10,"column":12},"end":{"line":10,"column":15}},"loc":{"start":{"line":10,"column":17},"end":{"line":24,"column":3}}},"2":{"name":"(anonymous_2)","decl":{"start":{"line":11,"column":31},"end":{"line":11,"column":32}},"loc":{"start":{"line":11,"column":53},"end":{"line":15,"column":5}}},"3":{"name":"(anonymous_3)","decl":{"start":{"line":21,"column":11},"end":{"line":21,"column":14}},"loc":{"start":{"line":21,"column":16},"end":{"line":23,"column":5}}},"4":{"name":"(anonymous_4)","decl":{"start":{"line":30,"column":17},"end":{"line":30,"column":20}},"loc":{"start":{"line":30,"column":23},"end":{"line":30,"column":41}}}},"branchMap":{"0":{"loc":{"start":{"line":12,"column":6},"end":{"line":14,"column":7}},"type":"if","locations":[{"start":{"line":12,"column":6},"end":{"line":14,"column":7}},{"start":{},"end":{}}]},"1":{"loc":{"start":{"line":12,"column":10},"end":{"line":12,"column":84}},"type":"binary-expr","locations":[{"start":{"line":12,"column":10},"end":{"line":12,"column":29}},{"start":{"line":12,"column":33},"end":{"line":12,"column":84}}]},"2":{"loc":{"start":{"line":17,"column":4},"end":{"line":19,"column":5}},"type":"if","locations":[{"start":{"line":17,"column":4},"end":{"line":19,"column":5}},{"start":{},"end":{}}]},"3":{"loc":{"start":{"line":43,"column":89},"end":{"line":43,"column":115}},"type":"cond-expr","locations":[{"start":{"line":43,"column":98},"end":{"line":43,"column":110}},{"start":{"line":43,"column":113},"end":{"line":43,"column":115}}]},"4":{"loc":{"start":{"line":47,"column":7},"end":{"line":64,"column":null}},"type":"binary-expr","locations":[{"start":{"line":47,"column":7},"end":{"line":47,"column":13}},{"start":{"line":48,"column":8},"end":{"line":63,"column":null}}]}},"s":{"0":6,"1":6,"2":6,"3":6,"4":36,"5":36,"6":36,"7":20,"8":0,"9":0,"10":20,"11":0,"12":20,"13":20,"14":36,"15":0,"16":6},"f":{"0":36,"1":20,"2":0,"3":20,"4":0},"b":{"0":[0,0],"1":[0,0],"2":[0,20],"3":[0,36],"4":[36,0]}}
,"C:\\Arshil\\companyAssignments\\insuranceDashbord\\src\\components\\ui\\Button.tsx": {"path":"C:\\Arshil\\companyAssignments\\insuranceDashbord\\src\\components\\ui\\Button.tsx","statementMap":{"0":{"start":{"line":1,"column":0},"end":{"line":1,"column":31}},"1":{"start":{"line":2,"column":0},"end":{"line":2,"column":37}},"2":{"start":{"line":21,"column":29},"end":{"line":29,"column":2}},"3":{"start":{"line":31,"column":31},"end":{"line":41,"column":2}},"4":{"start":{"line":43,"column":20},"end":{"line":47,"column":2}},"5":{"start":{"line":49,"column":13},"end":{"line":121,"column":2}},"6":{"start":{"line":62,"column":39},"end":{"line":62,"column":null}},"7":{"start":{"line":63,"column":14},"end":{"line":64,"column":null}},"8":{"start":{"line":67,"column":22},"end":{"line":69,"column":null}},"9":{"start":{"line":73,"column":6},"end":{"line":75,"column":39}},"10":{"start":{"line":77,"column":23},"end":{"line":77,"column":61}},"11":{"start":{"line":80,"column":6},"end":{"line":83,"column":null}},"12":{"start":{"line":87,"column":26},"end":{"line":89,"column":null}},"13":{"start":{"line":92,"column":4},"end":{"line":119,"column":6}},"14":{"start":{"line":123,"column":0},"end":{"line":123,"column":30}}},"fnMap":{"0":{"name":"(anonymous_1)","decl":{"start":{"line":50,"column":2},"end":{"line":50,"column":null}},"loc":{"start":{"line":66,"column":6},"end":{"line":120,"column":3}}}},"branchMap":{"0":{"loc":{"start":{"line":52,"column":6},"end":{"line":52,"column":21}},"type":"default-arg","locations":[{"start":{"line":52,"column":13},"end":{"line":52,"column":21}}]},"1":{"loc":{"start":{"line":53,"column":6},"end":{"line":53,"column":25}},"type":"default-arg","locations":[{"start":{"line":53,"column":16},"end":{"line":53,"column":25}}]},"2":{"loc":{"start":{"line":54,"column":6},"end":{"line":54,"column":21}},"type":"default-arg","locations":[{"start":{"line":54,"column":13},"end":{"line":54,"column":21}}]},"3":{"loc":{"start":{"line":55,"column":6},"end":{"line":55,"column":22}},"type":"default-arg","locations":[{"start":{"line":55,"column":17},"end":{"line":55,"column":22}}]},"4":{"loc":{"start":{"line":56,"column":6},"end":{"line":56,"column":23}},"type":"default-arg","locations":[{"start":{"line":56,"column":18},"end":{"line":56,"column":23}}]},"5":{"loc":{"start":{"line":57,"column":6},"end":{"line":57,"column":36}},"type":"default-arg","locations":[{"start":{"line":57,"column":32},"end":{"line":57,"column":36}}]},"6":{"loc":{"start":{"line":58,"column":6},"end":{"line":58,"column":20}},"type":"default-arg","locations":[{"start":{"line":58,"column":18},"end":{"line":58,"column":20}}]},"7":{"loc":{"start":{"line":62,"column":6},"end":{"line":62,"column":39}},"type":"default-arg","locations":[{"start":{"line":62,"column":30},"end":{"line":62,"column":39}}]},"8":{"loc":{"start":{"line":73,"column":6},"end":{"line":75,"column":39}},"type":"cond-expr","locations":[{"start":{"line":74,"column":10},"end":{"line":74,"column":41}},{"start":{"line":75,"column":10},"end":{"line":75,"column":39}}]},"9":{"loc":{"start":{"line":73,"column":6},"end":{"line":73,"column":27}},"type":"binary-expr","locations":[{"start":{"line":73,"column":6},"end":{"line":73,"column":14}},{"start":{"line":73,"column":18},"end":{"line":73,"column":27}}]},"10":{"loc":{"start":{"line":89,"column":6},"end":{"line":89,"column":45}},"type":"binary-expr","locations":[{"start":{"line":89,"column":7},"end":{"line":89,"column":15}},{"start":{"line":89,"column":19},"end":{"line":89,"column":28}},{"start":{"line":89,"column":33},"end":{"line":89,"column":45}}]},"11":{"loc":{"start":{"line":96,"column":18},"end":{"line":96,"column":39}},"type":"binary-expr","locations":[{"start":{"line":96,"column":18},"end":{"line":96,"column":26}},{"start":{"line":96,"column":30},"end":{"line":96,"column":39}}]},"12":{"loc":{"start":{"line":100,"column":9},"end":{"line":100,"column":34}},"type":"binary-expr","locations":[{"start":{"line":100,"column":9},"end":{"line":100,"column":18}},{"start":{"line":100,"column":22},"end":{"line":100,"column":34}}]},"13":{"loc":{"start":{"line":105,"column":12},"end":{"line":105,"column":79}},"type":"cond-expr","locations":[{"start":{"line":105,"column":52},"end":{"line":105,"column":63}},{"start":{"line":105,"column":66},"end":{"line":105,"column":79}}]},"14":{"loc":{"start":{"line":105,"column":12},"end":{"line":105,"column":49}},"type":"binary-expr","locations":[{"start":{"line":105,"column":12},"end":{"line":105,"column":21}},{"start":{"line":105,"column":25},"end":{"line":105,"column":49}}]},"15":{"loc":{"start":{"line":108,"column":11},"end":{"line":109,"column":null}},"type":"binary-expr","locations":[{"start":{"line":108,"column":11},"end":{"line":108,"column":20}},{"start":{"line":109,"column":12},"end":{"line":109,"column":78}}]},"16":{"loc":{"start":{"line":114,"column":11},"end":{"line":115,"column":null}},"type":"binary-expr","locations":[{"start":{"line":114,"column":11},"end":{"line":114,"column":18}},{"start":{"line":115,"column":12},"end":{"line":115,"column":74}}]}},"s":{"0":11,"1":11,"2":11,"3":11,"4":11,"5":11,"6":259,"7":259,"8":259,"9":259,"10":259,"11":259,"12":259,"13":259,"14":11},"f":{"0":259},"b":{"0":[241],"1":[13],"2":[259],"3":[222],"4":[258],"5":[259],"6":[137],"7":[189],"8":[34,225],"9":[259,226],"10":[259,226,34],"11":[259,226],"12":[259,1],"13":[0,259],"14":[259,1],"15":[259,0],"16":[259,0]}}
,"C:\\Arshil\\companyAssignments\\insuranceDashbord\\src\\components\\ui\\Checkbox.tsx": {"path":"C:\\Arshil\\companyAssignments\\insuranceDashbord\\src\\components\\ui\\Checkbox.tsx","statementMap":{"0":{"start":{"line":1,"column":0},"end":{"line":1,"column":31}},"1":{"start":{"line":2,"column":0},"end":{"line":2,"column":37}},"2":{"start":{"line":3,"column":0},"end":{"line":3,"column":37}},"3":{"start":{"line":9,"column":13},"end":{"line":38,"column":2}},"4":{"start":{"line":10,"column":50},"end":{"line":10,"column":55}},"5":{"start":{"line":10,"column":60},"end":{"line":10,"column":64}},"6":{"start":{"line":11,"column":25},"end":{"line":14,"column":5}},"7":{"start":{"line":12,"column":6},"end":{"line":12,"column":32}},"8":{"start":{"line":12,"column":20},"end":{"line":12,"column":32}},"9":{"start":{"line":13,"column":6},"end":{"line":13,"column":61}},"10":{"start":{"line":13,"column":27},"end":{"line":13,"column":61}},"11":{"start":{"line":16,"column":4},"end":{"line":36,"column":6}},"12":{"start":{"line":39,"column":0},"end":{"line":39,"column":34}}},"fnMap":{"0":{"name":"(anonymous_1)","decl":{"start":{"line":10,"column":2},"end":{"line":10,"column":3}},"loc":{"start":{"line":10,"column":71},"end":{"line":37,"column":3}}},"1":{"name":"(anonymous_2)","decl":{"start":{"line":11,"column":25},"end":{"line":11,"column":26}},"loc":{"start":{"line":11,"column":68},"end":{"line":14,"column":5}}}},"branchMap":{"0":{"loc":{"start":{"line":12,"column":6},"end":{"line":12,"column":32}},"type":"if","locations":[{"start":{"line":12,"column":6},"end":{"line":12,"column":32}},{"start":{},"end":{}}]},"1":{"loc":{"start":{"line":13,"column":6},"end":{"line":13,"column":61}},"type":"if","locations":[{"start":{"line":13,"column":6},"end":{"line":13,"column":61}},{"start":{},"end":{}}]},"2":{"loc":{"start":{"line":29,"column":12},"end":{"line":29,"column":77}},"type":"cond-expr","locations":[{"start":{"line":29,"column":22},"end":{"line":29,"column":51}},{"start":{"line":29,"column":54},"end":{"line":29,"column":77}}]},"3":{"loc":{"start":{"line":33,"column":11},"end":{"line":33,"column":82}},"type":"binary-expr","locations":[{"start":{"line":33,"column":11},"end":{"line":33,"column":18}},{"start":{"line":33,"column":22},"end":{"line":33,"column":82}}]}},"s":{"0":3,"1":3,"2":3,"3":3,"4":328,"5":328,"6":328,"7":4,"8":0,"9":4,"10":4,"11":328,"12":3},"f":{"0":328,"1":4},"b":{"0":[0,4],"1":[4,0],"2":[23,305],"3":[328,23]}}
,"C:\\Arshil\\companyAssignments\\insuranceDashbord\\src\\components\\ui\\Input.tsx": {"path":"C:\\Arshil\\companyAssignments\\insuranceDashbord\\src\\components\\ui\\Input.tsx","statementMap":{"0":{"start":{"line":1,"column":0},"end":{"line":1,"column":31}},"1":{"start":{"line":2,"column":0},"end":{"line":2,"column":37}},"2":{"start":{"line":8,"column":13},"end":{"line":26,"column":2}},"3":{"start":{"line":9,"column":26},"end":{"line":9,"column":31}},"4":{"start":{"line":9,"column":36},"end":{"line":9,"column":40}},"5":{"start":{"line":10,"column":4},"end":{"line":24,"column":6}},"6":{"start":{"line":27,"column":0},"end":{"line":27,"column":28}}},"fnMap":{"0":{"name":"(anonymous_1)","decl":{"start":{"line":9,"column":2},"end":{"line":9,"column":3}},"loc":{"start":{"line":9,"column":47},"end":{"line":25,"column":3}}}},"branchMap":{"0":{"loc":{"start":{"line":12,"column":9},"end":{"line":12,"column":76}},"type":"binary-expr","locations":[{"start":{"line":12,"column":9},"end":{"line":12,"column":13}},{"start":{"line":12,"column":17},"end":{"line":12,"column":76}}]},"1":{"loc":{"start":{"line":17,"column":12},"end":{"line":17,"column":27}},"type":"binary-expr","locations":[{"start":{"line":17,"column":12},"end":{"line":17,"column":16}},{"start":{"line":17,"column":20},"end":{"line":17,"column":27}}]}},"s":{"0":2,"1":2,"2":2,"3":145,"4":145,"5":145,"6":2},"f":{"0":145},"b":{"0":[145,31],"1":[145,31]}}
,"C:\\Arshil\\companyAssignments\\insuranceDashbord\\src\\components\\ui\\Modal.tsx": {"path":"C:\\Arshil\\companyAssignments\\insuranceDashbord\\src\\components\\ui\\Modal.tsx","statementMap":{"0":{"start":{"line":1,"column":0},"end":{"line":1,"column":41}},"1":{"start":{"line":2,"column":0},"end":{"line":2,"column":37}},"2":{"start":{"line":3,"column":0},"end":{"line":3,"column":33}},"3":{"start":{"line":4,"column":0},"end":{"line":4,"column":34}},"4":{"start":{"line":14,"column":21},"end":{"line":57,"column":1}},"5":{"start":{"line":15,"column":2},"end":{"line":24,"column":15}},"6":{"start":{"line":16,"column":4},"end":{"line":20,"column":5}},"7":{"start":{"line":17,"column":6},"end":{"line":17,"column":46}},"8":{"start":{"line":19,"column":6},"end":{"line":19,"column":45}},"9":{"start":{"line":21,"column":4},"end":{"line":23,"column":6}},"10":{"start":{"line":22,"column":6},"end":{"line":22,"column":45}},"11":{"start":{"line":26,"column":2},"end":{"line":26,"column":27}},"12":{"start":{"line":26,"column":15},"end":{"line":26,"column":27}},"13":{"start":{"line":28,"column":2},"end":{"line":56,"column":4}},"14":{"start":{"line":14,"column":13},"end":{"line":14,"column":21}}},"fnMap":{"0":{"name":"(anonymous_0)","decl":{"start":{"line":14,"column":21},"end":{"line":14,"column":22}},"loc":{"start":{"line":14,"column":85},"end":{"line":57,"column":1}}},"1":{"name":"(anonymous_1)","decl":{"start":{"line":15,"column":12},"end":{"line":15,"column":15}},"loc":{"start":{"line":15,"column":17},"end":{"line":24,"column":3}}},"2":{"name":"(anonymous_2)","decl":{"start":{"line":21,"column":11},"end":{"line":21,"column":14}},"loc":{"start":{"line":21,"column":16},"end":{"line":23,"column":5}}}},"branchMap":{"0":{"loc":{"start":{"line":16,"column":4},"end":{"line":20,"column":5}},"type":"if","locations":[{"start":{"line":16,"column":4},"end":{"line":20,"column":5}},{"start":{"line":18,"column":11},"end":{"line":20,"column":5}}]},"1":{"loc":{"start":{"line":26,"column":2},"end":{"line":26,"column":27}},"type":"if","locations":[{"start":{"line":26,"column":2},"end":{"line":26,"column":27}},{"start":{},"end":{}}]}},"s":{"0":3,"1":3,"2":3,"3":3,"4":3,"5":156,"6":80,"7":11,"8":69,"9":80,"10":80,"11":156,"12":140,"13":16,"14":3},"f":{"0":156,"1":80,"2":80},"b":{"0":[11,69],"1":[140,16]}}
,"C:\\Arshil\\companyAssignments\\insuranceDashbord\\src\\components\\ui\\Select.tsx": {"path":"C:\\Arshil\\companyAssignments\\insuranceDashbord\\src\\components\\ui\\Select.tsx","statementMap":{"0":{"start":{"line":1,"column":0},"end":{"line":1,"column":31}},"1":{"start":{"line":2,"column":0},"end":{"line":2,"column":37}},"2":{"start":{"line":3,"column":0},"end":{"line":3,"column":45}},"3":{"start":{"line":10,"column":13},"end":{"line":43,"column":2}},"4":{"start":{"line":11,"column":46},"end":{"line":11,"column":51}},"5":{"start":{"line":11,"column":56},"end":{"line":11,"column":60}},"6":{"start":{"line":12,"column":4},"end":{"line":41,"column":6}},"7":{"start":{"line":29,"column":16},"end":{"line":29,"column":40}},"8":{"start":{"line":44,"column":0},"end":{"line":44,"column":30}}},"fnMap":{"0":{"name":"(anonymous_1)","decl":{"start":{"line":11,"column":2},"end":{"line":11,"column":3}},"loc":{"start":{"line":11,"column":67},"end":{"line":42,"column":3}}},"1":{"name":"(anonymous_2)","decl":{"start":{"line":28,"column":26},"end":{"line":28,"column":27}},"loc":{"start":{"line":29,"column":16},"end":{"line":29,"column":40}}}},"branchMap":{"0":{"loc":{"start":{"line":22,"column":11},"end":{"line":25,"column":null}},"type":"binary-expr","locations":[{"start":{"line":22,"column":11},"end":{"line":22,"column":22}},{"start":{"line":23,"column":12},"end":{"line":24,"column":null}}]},"1":{"loc":{"start":{"line":27,"column":11},"end":{"line":33,"column":22}},"type":"cond-expr","locations":[{"start":{"line":28,"column":14},"end":{"line":32,"column":16}},{"start":{"line":33,"column":14},"end":{"line":33,"column":22}}]}},"s":{"0":3,"1":3,"2":3,"3":3,"4":427,"5":427,"6":427,"7":0,"8":3},"f":{"0":427,"1":0},"b":{"0":[427,90],"1":[0,427]}}
,"C:\\Arshil\\companyAssignments\\insuranceDashbord\\src\\data\\mockData.ts": {"path":"C:\\Arshil\\companyAssignments\\insuranceDashbord\\src\\data\\mockData.ts","statementMap":{"0":{"start":{"line":3,"column":13},"end":{"line":32,"column":3}},"1":{"start":{"line":4,"column":42},"end":{"line":4,"column":109}},"2":{"start":{"line":5,"column":21},"end":{"line":9,"column":4}},"3":{"start":{"line":10,"column":18},"end":{"line":14,"column":4}},"4":{"start":{"line":16,"column":15},"end":{"line":16,"column":51}},"5":{"start":{"line":17,"column":16},"end":{"line":17,"column":75}},"6":{"start":{"line":18,"column":14},"end":{"line":18,"column":73}},"7":{"start":{"line":20,"column":2},"end":{"line":31,"column":4}}},"fnMap":{"0":{"name":"(anonymous_0)","decl":{"start":{"line":3,"column":67},"end":{"line":3,"column":68}},"loc":{"start":{"line":3,"column":76},"end":{"line":32,"column":1}}}},"branchMap":{"0":{"loc":{"start":{"line":29,"column":20},"end":{"line":29,"column":83}},"type":"cond-expr","locations":[{"start":{"line":29,"column":34},"end":{"line":29,"column":46}},{"start":{"line":29,"column":50},"end":{"line":29,"column":82}}]},"1":{"loc":{"start":{"line":29,"column":50},"end":{"line":29,"column":82}},"type":"cond-expr","locations":[{"start":{"line":29,"column":64},"end":{"line":29,"column":74}},{"start":{"line":29,"column":77},"end":{"line":29,"column":82}}]}},"s":{"0":10,"1":520,"2":520,"3":520,"4":520,"5":520,"6":520,"7":520},"f":{"0":520},"b":{"0":[180,340],"1":[170,170]}}
,"C:\\Arshil\\companyAssignments\\insuranceDashbord\\src\\features\\coi\\components\\ActionDropdown.tsx": {"path":"C:\\Arshil\\companyAssignments\\insuranceDashbord\\src\\features\\coi\\components\\ActionDropdown.tsx","statementMap":{"0":{"start":{"line":1,"column":0},"end":{"line":1,"column":52}},"1":{"start":{"line":2,"column":0},"end":{"line":2,"column":63}},"2":{"start":{"line":3,"column":0},"end":{"line":3,"column":38}},"3":{"start":{"line":10,"column":30},"end":{"line":86,"column":1}},"4":{"start":{"line":11,"column":30},"end":{"line":11,"column":45}},"5":{"start":{"line":12,"column":22},"end":{"line":12,"column":50}},"6":{"start":{"line":15,"column":2},"end":{"line":29,"column":15}},"7":{"start":{"line":16,"column":31},"end":{"line":20,"column":5}},"8":{"start":{"line":17,"column":6},"end":{"line":19,"column":7}},"9":{"start":{"line":18,"column":8},"end":{"line":18,"column":25}},"10":{"start":{"line":22,"column":4},"end":{"line":24,"column":5}},"11":{"start":{"line":23,"column":6},"end":{"line":23,"column":65}},"12":{"start":{"line":26,"column":4},"end":{"line":28,"column":6}},"13":{"start":{"line":27,"column":6},"end":{"line":27,"column":68}},"14":{"start":{"line":31,"column":26},"end":{"line":35,"column":3}},"15":{"start":{"line":32,"column":4},"end":{"line":32,"column":24}},"16":{"start":{"line":33,"column":4},"end":{"line":33,"column":21}},"17":{"start":{"line":34,"column":4},"end":{"line":34,"column":13}},"18":{"start":{"line":37,"column":28},"end":{"line":41,"column":3}},"19":{"start":{"line":38,"column":4},"end":{"line":38,"column":24}},"20":{"start":{"line":39,"column":4},"end":{"line":39,"column":21}},"21":{"start":{"line":40,"column":4},"end":{"line":40,"column":15}},"22":{"start":{"line":43,"column":2},"end":{"line":85,"column":4}},"23":{"start":{"line":49,"column":10},"end":{"line":49,"column":30}},"24":{"start":{"line":50,"column":10},"end":{"line":50,"column":29}},"25":{"start":{"line":10,"column":13},"end":{"line":10,"column":30}}},"fnMap":{"0":{"name":"(anonymous_0)","decl":{"start":{"line":10,"column":30},"end":{"line":10,"column":31}},"loc":{"start":{"line":10,"column":76},"end":{"line":86,"column":1}}},"1":{"name":"(anonymous_1)","decl":{"start":{"line":15,"column":12},"end":{"line":15,"column":15}},"loc":{"start":{"line":15,"column":17},"end":{"line":29,"column":3}}},"2":{"name":"(anonymous_2)","decl":{"start":{"line":16,"column":31},"end":{"line":16,"column":32}},"loc":{"start":{"line":16,"column":53},"end":{"line":20,"column":5}}},"3":{"name":"(anonymous_3)","decl":{"start":{"line":26,"column":11},"end":{"line":26,"column":14}},"loc":{"start":{"line":26,"column":16},"end":{"line":28,"column":5}}},"4":{"name":"(anonymous_4)","decl":{"start":{"line":31,"column":26},"end":{"line":31,"column":27}},"loc":{"start":{"line":31,"column":50},"end":{"line":35,"column":3}}},"5":{"name":"(anonymous_5)","decl":{"start":{"line":37,"column":28},"end":{"line":37,"column":29}},"loc":{"start":{"line":37,"column":52},"end":{"line":41,"column":3}}},"6":{"name":"(anonymous_6)","decl":{"start":{"line":48,"column":17},"end":{"line":48,"column":18}},"loc":{"start":{"line":48,"column":23},"end":{"line":51,"column":9}}}},"branchMap":{"0":{"loc":{"start":{"line":17,"column":6},"end":{"line":19,"column":7}},"type":"if","locations":[{"start":{"line":17,"column":6},"end":{"line":19,"column":7}},{"start":{},"end":{}}]},"1":{"loc":{"start":{"line":17,"column":10},"end":{"line":17,"column":84}},"type":"binary-expr","locations":[{"start":{"line":17,"column":10},"end":{"line":17,"column":29}},{"start":{"line":17,"column":33},"end":{"line":17,"column":84}}]},"2":{"loc":{"start":{"line":22,"column":4},"end":{"line":24,"column":5}},"type":"if","locations":[{"start":{"line":22,"column":4},"end":{"line":24,"column":5}},{"start":{},"end":{}}]},"3":{"loc":{"start":{"line":58,"column":7},"end":{"line":82,"column":null}},"type":"binary-expr","locations":[{"start":{"line":58,"column":7},"end":{"line":58,"column":13}},{"start":{"line":59,"column":8},"end":{"line":81,"column":null}}]}},"s":{"0":3,"1":3,"2":3,"3":3,"4":300,"5":300,"6":300,"7":153,"8":0,"9":0,"10":153,"11":4,"12":153,"13":153,"14":300,"15":2,"16":2,"17":2,"18":300,"19":2,"20":2,"21":2,"22":300,"23":4,"24":4,"25":3},"f":{"0":300,"1":153,"2":0,"3":153,"4":2,"5":2,"6":4},"b":{"0":[0,0],"1":[0,0],"2":[4,149],"3":[300,4]}}
,"C:\\Arshil\\companyAssignments\\insuranceDashbord\\src\\features\\coi\\components\\AddCOIModal.tsx": {"path":"C:\\Arshil\\companyAssignments\\insuranceDashbord\\src\\features\\coi\\components\\AddCOIModal.tsx","statementMap":{"0":{"start":{"line":1,"column":0},"end":{"line":1,"column":40}},"1":{"start":{"line":2,"column":0},"end":{"line":2,"column":53}},"2":{"start":{"line":3,"column":0},"end":{"line":3,"column":53}},"3":{"start":{"line":4,"column":0},"end":{"line":4,"column":55}},"4":{"start":{"line":5,"column":0},"end":{"line":5,"column":55}},"5":{"start":{"line":15,"column":27},"end":{"line":138,"column":1}},"6":{"start":{"line":16,"column":34},"end":{"line":24,"column":4}},"7":{"start":{"line":26,"column":23},"end":{"line":28,"column":3}},"8":{"start":{"line":27,"column":4},"end":{"line":27,"column":72}},"9":{"start":{"line":27,"column":24},"end":{"line":27,"column":70}},"10":{"start":{"line":30,"column":23},"end":{"line":47,"column":3}},"11":{"start":{"line":31,"column":4},"end":{"line":31,"column":23}},"12":{"start":{"line":32,"column":4},"end":{"line":35,"column":7}},"13":{"start":{"line":36,"column":4},"end":{"line":36,"column":14}},"14":{"start":{"line":38,"column":4},"end":{"line":46,"column":7}},"15":{"start":{"line":49,"column":2},"end":{"line":137,"column":4}},"16":{"start":{"line":15,"column":13},"end":{"line":15,"column":27}}},"fnMap":{"0":{"name":"(anonymous_0)","decl":{"start":{"line":15,"column":27},"end":{"line":15,"column":28}},"loc":{"start":{"line":15,"column":76},"end":{"line":138,"column":1}}},"1":{"name":"(anonymous_1)","decl":{"start":{"line":26,"column":23},"end":{"line":26,"column":24}},"loc":{"start":{"line":26,"column":86},"end":{"line":28,"column":3}}},"2":{"name":"(anonymous_2)","decl":{"start":{"line":27,"column":16},"end":{"line":27,"column":20}},"loc":{"start":{"line":27,"column":24},"end":{"line":27,"column":70}}},"3":{"name":"(anonymous_3)","decl":{"start":{"line":30,"column":23},"end":{"line":30,"column":24}},"loc":{"start":{"line":30,"column":46},"end":{"line":47,"column":3}}}},"branchMap":{},"s":{"0":2,"1":2,"2":2,"3":2,"4":2,"5":2,"6":34,"7":34,"8":5,"9":5,"10":34,"11":1,"12":1,"13":1,"14":1,"15":34,"16":2},"f":{"0":34,"1":5,"2":5,"3":1},"b":{}}
,"C:\\Arshil\\companyAssignments\\insuranceDashbord\\src\\features\\coi\\components\\AskAIModal.tsx": {"path":"C:\\Arshil\\companyAssignments\\insuranceDashbord\\src\\features\\coi\\components\\AskAIModal.tsx","statementMap":{"0":{"start":{"line":1,"column":0},"end":{"line":1,"column":53}},"1":{"start":{"line":2,"column":0},"end":{"line":2,"column":55}},"2":{"start":{"line":3,"column":0},"end":{"line":3,"column":53}},"3":{"start":{"line":4,"column":0},"end":{"line":4,"column":38}},"4":{"start":{"line":11,"column":26},"end":{"line":34,"column":1}},"5":{"start":{"line":12,"column":2},"end":{"line":33,"column":4}},"6":{"start":{"line":11,"column":13},"end":{"line":11,"column":26}}},"fnMap":{"0":{"name":"(anonymous_0)","decl":{"start":{"line":11,"column":26},"end":{"line":11,"column":27}},"loc":{"start":{"line":11,"column":67},"end":{"line":34,"column":1}}}},"branchMap":{},"s":{"0":2,"1":2,"2":2,"3":2,"4":2,"5":29,"6":2},"f":{"0":29},"b":{}}
,"C:\\Arshil\\companyAssignments\\insuranceDashbord\\src\\features\\coi\\components\\COITable.tsx": {"path":"C:\\Arshil\\companyAssignments\\insuranceDashbord\\src\\features\\coi\\components\\COITable.tsx","statementMap":{"0":{"start":{"line":1,"column":0},"end":{"line":1,"column":59}},"1":{"start":{"line":2,"column":0},"end":{"line":2,"column":43}},"2":{"start":{"line":3,"column":0},"end":{"line":3,"column":55}},"3":{"start":{"line":6,"column":0},"end":{"line":6,"column":null}},"4":{"start":{"line":11,"column":0},"end":{"line":11,"column":50}},"5":{"start":{"line":31,"column":24},"end":{"line":265,"column":1}},"6":{"start":{"line":48,"column":22},"end":{"line":48,"column":88}},"7":{"start":{"line":48,"column":59},"end":{"line":48,"column":87}},"8":{"start":{"line":50,"column":21},"end":{"line":66,"column":3}},"9":{"start":{"line":51,"column":21},"end":{"line":51,"column":42}},"10":{"start":{"line":52,"column":19},"end":{"line":52,"column":49}},"11":{"start":{"line":53,"column":4},"end":{"line":65,"column":6}},"12":{"start":{"line":56,"column":23},"end":{"line":56,"column":47}},"13":{"start":{"line":68,"column":25},"end":{"line":76,"column":3}},"14":{"start":{"line":69,"column":4},"end":{"line":75,"column":5}},"15":{"start":{"line":70,"column":18},"end":{"line":70,"column":49}},"16":{"start":{"line":71,"column":6},"end":{"line":73,"column":7}},"17":{"start":{"line":72,"column":8},"end":{"line":72,"column":26}},"18":{"start":{"line":74,"column":6},"end":{"line":74,"column":33}},"19":{"start":{"line":78,"column":2},"end":{"line":264,"column":4}},"20":{"start":{"line":105,"column":36},"end":{"line":111,"column":null}},"21":{"start":{"line":114,"column":16},"end":{"line":198,"column":18}},"22":{"start":{"line":124,"column":48},"end":{"line":124,"column":70}},"23":{"start":{"line":150,"column":41},"end":{"line":150,"column":57}},"24":{"start":{"line":170,"column":26},"end":{"line":170,"column":71}},"25":{"start":{"line":193,"column":38},"end":{"line":193,"column":54}},"26":{"start":{"line":194,"column":40},"end":{"line":194,"column":61}},"27":{"start":{"line":223,"column":29},"end":{"line":223,"column":74}},"28":{"start":{"line":235,"column":29},"end":{"line":235,"column":58}},"29":{"start":{"line":245,"column":29},"end":{"line":245,"column":58}},"30":{"start":{"line":31,"column":13},"end":{"line":31,"column":24}}},"fnMap":{"0":{"name":"(anonymous_0)","decl":{"start":{"line":31,"column":24},"end":{"line":31,"column":25}},"loc":{"start":{"line":47,"column":20},"end":{"line":265,"column":1}}},"1":{"name":"(anonymous_1)","decl":{"start":{"line":48,"column":52},"end":{"line":48,"column":55}},"loc":{"start":{"line":48,"column":59},"end":{"line":48,"column":87}}},"2":{"name":"(anonymous_2)","decl":{"start":{"line":50,"column":21},"end":{"line":50,"column":22}},"loc":{"start":{"line":50,"column":93},"end":{"line":66,"column":3}}},"3":{"name":"(anonymous_3)","decl":{"start":{"line":56,"column":17},"end":{"line":56,"column":20}},"loc":{"start":{"line":56,"column":23},"end":{"line":56,"column":47}}},"4":{"name":"(anonymous_4)","decl":{"start":{"line":68,"column":25},"end":{"line":68,"column":26}},"loc":{"start":{"line":68,"column":70},"end":{"line":76,"column":3}}},"5":{"name":"(anonymous_5)","decl":{"start":{"line":104,"column":24},"end":{"line":104,"column":25}},"loc":{"start":{"line":104,"column":32},"end":{"line":199,"column":15}}},"6":{"name":"(anonymous_6)","decl":{"start":{"line":124,"column":41},"end":{"line":124,"column":42}},"loc":{"start":{"line":124,"column":48},"end":{"line":124,"column":70}}},"7":{"name":"(anonymous_7)","decl":{"start":{"line":150,"column":35},"end":{"line":150,"column":38}},"loc":{"start":{"line":150,"column":41},"end":{"line":150,"column":57}}},"8":{"name":"(anonymous_8)","decl":{"start":{"line":169,"column":34},"end":{"line":169,"column":35}},"loc":{"start":{"line":170,"column":26},"end":{"line":170,"column":71}}},"9":{"name":"(anonymous_9)","decl":{"start":{"line":193,"column":32},"end":{"line":193,"column":35}},"loc":{"start":{"line":193,"column":38},"end":{"line":193,"column":54}}},"10":{"name":"(anonymous_10)","decl":{"start":{"line":194,"column":34},"end":{"line":194,"column":37}},"loc":{"start":{"line":194,"column":40},"end":{"line":194,"column":61}}},"11":{"name":"(anonymous_11)","decl":{"start":{"line":223,"column":22},"end":{"line":223,"column":23}},"loc":{"start":{"line":223,"column":29},"end":{"line":223,"column":74}}},"12":{"name":"(anonymous_12)","decl":{"start":{"line":235,"column":23},"end":{"line":235,"column":26}},"loc":{"start":{"line":235,"column":29},"end":{"line":235,"column":58}}},"13":{"name":"(anonymous_13)","decl":{"start":{"line":245,"column":23},"end":{"line":245,"column":26}},"loc":{"start":{"line":245,"column":29},"end":{"line":245,"column":58}}}},"branchMap":{"0":{"loc":{"start":{"line":48,"column":22},"end":{"line":48,"column":88}},"type":"binary-expr","locations":[{"start":{"line":48,"column":22},"end":{"line":48,"column":37}},{"start":{"line":48,"column":41},"end":{"line":48,"column":88}}]},"1":{"loc":{"start":{"line":52,"column":19},"end":{"line":52,"column":49}},"type":"binary-expr","locations":[{"start":{"line":52,"column":19},"end":{"line":52,"column":27}},{"start":{"line":52,"column":31},"end":{"line":52,"column":49}}]},"2":{"loc":{"start":{"line":61,"column":62},"end":{"line":61,"column":156}},"type":"cond-expr","locations":[{"start":{"line":61,"column":73},"end":{"line":61,"column":119}},{"start":{"line":61,"column":122},"end":{"line":61,"column":156}}]},"3":{"loc":{"start":{"line":61,"column":160},"end":{"line":61,"column":186}},"type":"cond-expr","locations":[{"start":{"line":61,"column":169},"end":{"line":61,"column":181}},{"start":{"line":61,"column":184},"end":{"line":61,"column":186}}]},"4":{"loc":{"start":{"line":69,"column":4},"end":{"line":75,"column":5}},"type":"if","locations":[{"start":{"line":69,"column":4},"end":{"line":75,"column":5}},{"start":{},"end":{}}]},"5":{"loc":{"start":{"line":71,"column":6},"end":{"line":73,"column":7}},"type":"if","locations":[{"start":{"line":71,"column":6},"end":{"line":73,"column":7}},{"start":{},"end":{}}]},"6":{"loc":{"start":{"line":71,"column":10},"end":{"line":71,"column":54}},"type":"binary-expr","locations":[{"start":{"line":71,"column":10},"end":{"line":71,"column":21}},{"start":{"line":71,"column":25},"end":{"line":71,"column":33}},{"start":{"line":71,"column":37},"end":{"line":71,"column":54}}]},"7":{"loc":{"start":{"line":118,"column":22},"end":{"line":118,"column":null}},"type":"cond-expr","locations":[{"start":{"line":118,"column":53},"end":{"line":118,"column":68}},{"start":{"line":118,"column":71},"end":{"line":118,"column":null}}]},"8":{"loc":{"start":{"line":159,"column":26},"end":{"line":166,"column":null}},"type":"cond-expr","locations":[{"start":{"line":160,"column":30},"end":{"line":160,"column":95}},{"start":{"line":161,"column":30},"end":{"line":166,"column":null}}]},"9":{"loc":{"start":{"line":161,"column":30},"end":{"line":166,"column":null}},"type":"cond-expr","locations":[{"start":{"line":163,"column":32},"end":{"line":163,"column":93}},{"start":{"line":164,"column":32},"end":{"line":166,"column":null}}]},"10":{"loc":{"start":{"line":161,"column":30},"end":{"line":162,"column":57}},"type":"binary-expr","locations":[{"start":{"line":161,"column":30},"end":{"line":161,"column":54}},{"start":{"line":162,"column":32},"end":{"line":162,"column":57}}]},"11":{"loc":{"start":{"line":164,"column":32},"end":{"line":166,"column":null}},"type":"cond-expr","locations":[{"start":{"line":165,"column":34},"end":{"line":165,"column":107}},{"start":{"line":166,"column":34},"end":{"line":166,"column":null}}]},"12":{"loc":{"start":{"line":183,"column":26},"end":{"line":185,"column":45}},"type":"cond-expr","locations":[{"start":{"line":184,"column":30},"end":{"line":184,"column":46}},{"start":{"line":185,"column":30},"end":{"line":185,"column":45}}]},"13":{"loc":{"start":{"line":200,"column":15},"end":{"line":208,"column":null}},"type":"binary-expr","locations":[{"start":{"line":200,"column":15},"end":{"line":200,"column":32}},{"start":{"line":201,"column":16},"end":{"line":207,"column":null}}]}},"s":{"0":3,"1":3,"2":3,"3":3,"4":3,"5":3,"6":32,"7":51,"8":32,"9":224,"10":224,"11":224,"12":0,"13":32,"14":0,"15":0,"16":0,"17":0,"18":0,"19":32,"20":296,"21":296,"22":2,"23":0,"24":0,"25":2,"26":2,"27":0,"28":0,"29":0,"30":3},"f":{"0":32,"1":51,"2":224,"3":0,"4":0,"5":296,"6":2,"7":0,"8":0,"9":2,"10":2,"11":0,"12":0,"13":0},"b":{"0":[32,32],"1":[224,32],"2":[32,192],"3":[0,224],"4":[0,0],"5":[0,0],"6":[0,0,0],"7":[21,275],"8":[31,265],"9":[181,84],"10":[265,153],"11":[28,56],"12":[123,173],"13":[32,0]}}
,"C:\\Arshil\\companyAssignments\\insuranceDashbord\\src\\features\\coi\\components\\DeleteCOIModal.tsx": {"path":"C:\\Arshil\\companyAssignments\\insuranceDashbord\\src\\features\\coi\\components\\DeleteCOIModal.tsx","statementMap":{"0":{"start":{"line":1,"column":0},"end":{"line":1,"column":53}},"1":{"start":{"line":2,"column":0},"end":{"line":2,"column":55}},"2":{"start":{"line":11,"column":30},"end":{"line":30,"column":1}},"3":{"start":{"line":12,"column":2},"end":{"line":29,"column":4}},"4":{"start":{"line":11,"column":13},"end":{"line":11,"column":30}}},"fnMap":{"0":{"name":"(anonymous_0)","decl":{"start":{"line":11,"column":30},"end":{"line":11,"column":31}},"loc":{"start":{"line":11,"column":98},"end":{"line":30,"column":1}}}},"branchMap":{"0":{"loc":{"start":{"line":16,"column":43},"end":{"line":16,"column":155}},"type":"cond-expr","locations":[{"start":{"line":16,"column":56},"end":{"line":16,"column":139}},{"start":{"line":16,"column":142},"end":{"line":16,"column":155}}]}},"s":{"0":2,"1":2,"2":2,"3":29,"4":2},"f":{"0":29},"b":{"0":[2,27]}}
,"C:\\Arshil\\companyAssignments\\insuranceDashbord\\src\\features\\coi\\components\\EditCOIModal.tsx": {"path":"C:\\Arshil\\companyAssignments\\insuranceDashbord\\src\\features\\coi\\components\\EditCOIModal.tsx","statementMap":{"0":{"start":{"line":1,"column":0},"end":{"line":1,"column":51}},"1":{"start":{"line":2,"column":0},"end":{"line":2,"column":53}},"2":{"start":{"line":3,"column":0},"end":{"line":3,"column":53}},"3":{"start":{"line":4,"column":0},"end":{"line":4,"column":55}},"4":{"start":{"line":5,"column":0},"end":{"line":5,"column":55}},"5":{"start":{"line":15,"column":28},"end":{"line":132,"column":1}},"6":{"start":{"line":16,"column":34},"end":{"line":16,"column":66}},"7":{"start":{"line":18,"column":2},"end":{"line":25,"column":28}},"8":{"start":{"line":19,"column":4},"end":{"line":24,"column":5}},"9":{"start":{"line":21,"column":6},"end":{"line":21,"column":38}},"10":{"start":{"line":23,"column":6},"end":{"line":23,"column":24}},"11":{"start":{"line":27,"column":23},"end":{"line":31,"column":3}},"12":{"start":{"line":28,"column":4},"end":{"line":30,"column":5}},"13":{"start":{"line":29,"column":6},"end":{"line":29,"column":68}},"14":{"start":{"line":33,"column":23},"end":{"line":39,"column":3}},"15":{"start":{"line":34,"column":4},"end":{"line":34,"column":23}},"16":{"start":{"line":35,"column":4},"end":{"line":37,"column":5}},"17":{"start":{"line":36,"column":6},"end":{"line":36,"column":23}},"18":{"start":{"line":38,"column":4},"end":{"line":38,"column":14}},"19":{"start":{"line":41,"column":2},"end":{"line":41,"column":29}},"20":{"start":{"line":41,"column":17},"end":{"line":41,"column":29}},"21":{"start":{"line":43,"column":2},"end":{"line":131,"column":4}},"22":{"start":{"line":15,"column":13},"end":{"line":15,"column":28}}},"fnMap":{"0":{"name":"(anonymous_0)","decl":{"start":{"line":15,"column":28},"end":{"line":15,"column":29}},"loc":{"start":{"line":15,"column":92},"end":{"line":132,"column":1}}},"1":{"name":"(anonymous_1)","decl":{"start":{"line":18,"column":12},"end":{"line":18,"column":15}},"loc":{"start":{"line":18,"column":17},"end":{"line":25,"column":3}}},"2":{"name":"(anonymous_2)","decl":{"start":{"line":27,"column":23},"end":{"line":27,"column":24}},"loc":{"start":{"line":27,"column":86},"end":{"line":31,"column":3}}},"3":{"name":"(anonymous_3)","decl":{"start":{"line":33,"column":23},"end":{"line":33,"column":24}},"loc":{"start":{"line":33,"column":46},"end":{"line":39,"column":3}}}},"branchMap":{"0":{"loc":{"start":{"line":19,"column":4},"end":{"line":24,"column":5}},"type":"if","locations":[{"start":{"line":19,"column":4},"end":{"line":24,"column":5}},{"start":{"line":22,"column":11},"end":{"line":24,"column":5}}]},"1":{"loc":{"start":{"line":28,"column":4},"end":{"line":30,"column":5}},"type":"if","locations":[{"start":{"line":28,"column":4},"end":{"line":30,"column":5}},{"start":{},"end":{}}]},"2":{"loc":{"start":{"line":35,"column":4},"end":{"line":37,"column":5}},"type":"if","locations":[{"start":{"line":35,"column":4},"end":{"line":37,"column":5}},{"start":{},"end":{}}]},"3":{"loc":{"start":{"line":41,"column":2},"end":{"line":41,"column":29}},"type":"if","locations":[{"start":{"line":41,"column":2},"end":{"line":41,"column":29}},{"start":{},"end":{}}]},"4":{"loc":{"start":{"line":73,"column":21},"end":{"line":73,"column":47}},"type":"binary-expr","locations":[{"start":{"line":73,"column":21},"end":{"line":73,"column":41}},{"start":{"line":73,"column":45},"end":{"line":73,"column":47}}]}},"s":{"0":2,"1":2,"2":2,"3":2,"4":2,"5":2,"6":41,"7":41,"8":16,"9":2,"10":14,"11":41,"12":0,"13":0,"14":41,"15":1,"16":1,"17":1,"18":1,"19":41,"20":38,"21":3,"22":2},"f":{"0":41,"1":16,"2":0,"3":1},"b":{"0":[2,14],"1":[0,0],"2":[1,0],"3":[38,3],"4":[3,0]}}
,"C:\\Arshil\\companyAssignments\\insuranceDashbord\\src\\features\\coi\\components\\FiltersBar.tsx": {"path":"C:\\Arshil\\companyAssignments\\insuranceDashbord\\src\\features\\coi\\components\\FiltersBar.tsx","statementMap":{"0":{"start":{"line":1,"column":0},"end":{"line":1,"column":44}},"1":{"start":{"line":2,"column":0},"end":{"line":2,"column":53}},"2":{"start":{"line":3,"column":0},"end":{"line":3,"column":55}},"3":{"start":{"line":4,"column":0},"end":{"line":4,"column":55}},"4":{"start":{"line":5,"column":0},"end":{"line":5,"column":38}},"5":{"start":{"line":7,"column":0},"end":{"line":7,"column":55}},"6":{"start":{"line":23,"column":26},"end":{"line":127,"column":1}},"7":{"start":{"line":36,"column":40},"end":{"line":36,"column":52}},"8":{"start":{"line":38,"column":2},"end":{"line":46,"column":36}},"9":{"start":{"line":39,"column":20},"end":{"line":41,"column":11}},"10":{"start":{"line":40,"column":6},"end":{"line":40,"column":34}},"11":{"start":{"line":43,"column":4},"end":{"line":45,"column":6}},"12":{"start":{"line":44,"column":6},"end":{"line":44,"column":28}},"13":{"start":{"line":48,"column":2},"end":{"line":126,"column":4}},"14":{"start":{"line":54,"column":29},"end":{"line":54,"column":69}},"15":{"start":{"line":65,"column":29},"end":{"line":65,"column":72}},"16":{"start":{"line":79,"column":29},"end":{"line":79,"column":67}},"17":{"start":{"line":91,"column":29},"end":{"line":91,"column":62}},"18":{"start":{"line":98,"column":29},"end":{"line":98,"column":60}},"19":{"start":{"line":110,"column":29},"end":{"line":110,"column":59}},"20":{"start":{"line":23,"column":13},"end":{"line":23,"column":26}}},"fnMap":{"0":{"name":"(anonymous_0)","decl":{"start":{"line":23,"column":26},"end":{"line":23,"column":27}},"loc":{"start":{"line":35,"column":22},"end":{"line":127,"column":1}}},"1":{"name":"(anonymous_1)","decl":{"start":{"line":38,"column":12},"end":{"line":38,"column":15}},"loc":{"start":{"line":38,"column":17},"end":{"line":46,"column":3}}},"2":{"name":"(anonymous_2)","decl":{"start":{"line":39,"column":31},"end":{"line":39,"column":34}},"loc":{"start":{"line":39,"column":36},"end":{"line":41,"column":5}}},"3":{"name":"(anonymous_3)","decl":{"start":{"line":43,"column":11},"end":{"line":43,"column":14}},"loc":{"start":{"line":43,"column":16},"end":{"line":45,"column":5}}},"4":{"name":"(anonymous_4)","decl":{"start":{"line":54,"column":22},"end":{"line":54,"column":23}},"loc":{"start":{"line":54,"column":29},"end":{"line":54,"column":69}}},"5":{"name":"(anonymous_5)","decl":{"start":{"line":65,"column":22},"end":{"line":65,"column":23}},"loc":{"start":{"line":65,"column":29},"end":{"line":65,"column":72}}},"6":{"name":"(anonymous_6)","decl":{"start":{"line":79,"column":22},"end":{"line":79,"column":23}},"loc":{"start":{"line":79,"column":29},"end":{"line":79,"column":67}}},"7":{"name":"(anonymous_7)","decl":{"start":{"line":91,"column":22},"end":{"line":91,"column":23}},"loc":{"start":{"line":91,"column":29},"end":{"line":91,"column":62}}},"8":{"name":"(anonymous_8)","decl":{"start":{"line":98,"column":22},"end":{"line":98,"column":23}},"loc":{"start":{"line":98,"column":29},"end":{"line":98,"column":60}}},"9":{"name":"(anonymous_9)","decl":{"start":{"line":110,"column":22},"end":{"line":110,"column":23}},"loc":{"start":{"line":110,"column":29},"end":{"line":110,"column":59}}}},"branchMap":{"0":{"loc":{"start":{"line":27,"column":2},"end":{"line":27,"column":22}},"type":"default-arg","locations":[{"start":{"line":27,"column":17},"end":{"line":27,"column":22}}]},"1":{"loc":{"start":{"line":54,"column":29},"end":{"line":54,"column":69}},"type":"cond-expr","locations":[{"start":{"line":54,"column":51},"end":{"line":54,"column":54}},{"start":{"line":54,"column":29},"end":{"line":54,"column":69}}]},"2":{"loc":{"start":{"line":54,"column":29},"end":{"line":54,"column":54}},"type":"binary-expr","locations":[{"start":{"line":54,"column":29},"end":{"line":54,"column":54}},{"start":{"line":54,"column":29},"end":{"line":54,"column":54}}]},"3":{"loc":{"start":{"line":79,"column":29},"end":{"line":79,"column":67}},"type":"cond-expr","locations":[{"start":{"line":79,"column":49},"end":{"line":79,"column":52}},{"start":{"line":79,"column":29},"end":{"line":79,"column":67}}]},"4":{"loc":{"start":{"line":79,"column":29},"end":{"line":79,"column":52}},"type":"binary-expr","locations":[{"start":{"line":79,"column":29},"end":{"line":79,"column":52}},{"start":{"line":79,"column":29},"end":{"line":79,"column":52}}]},"5":{"loc":{"start":{"line":92,"column":97},"end":{"line":92,"column":182}},"type":"cond-expr","locations":[{"start":{"line":92,"column":110},"end":{"line":92,"column":144}},{"start":{"line":92,"column":147},"end":{"line":92,"column":182}}]},"6":{"loc":{"start":{"line":99,"column":97},"end":{"line":99,"column":180}},"type":"cond-expr","locations":[{"start":{"line":99,"column":108},"end":{"line":99,"column":142}},{"start":{"line":99,"column":145},"end":{"line":99,"column":180}}]}},"s":{"0":2,"1":2,"2":2,"3":2,"4":2,"5":2,"6":2,"7":30,"8":30,"9":30,"10":0,"11":30,"12":30,"13":30,"14":0,"15":1,"16":0,"17":0,"18":0,"19":1,"20":2},"f":{"0":30,"1":30,"2":0,"3":30,"4":0,"5":1,"6":0,"7":0,"8":0,"9":1},"b":{"0":[0],"1":[0,0],"2":[0,0],"3":[0,0],"4":[0,0],"5":[30,0],"6":[30,0]}}
,"C:\\Arshil\\companyAssignments\\insuranceDashbord\\src\\features\\coi\\components\\HelpModal.tsx": {"path":"C:\\Arshil\\companyAssignments\\insuranceDashbord\\src\\features\\coi\\components\\HelpModal.tsx","statementMap":{"0":{"start":{"line":1,"column":0},"end":{"line":1,"column":53}},"1":{"start":{"line":2,"column":0},"end":{"line":2,"column":55}},"2":{"start":{"line":9,"column":25},"end":{"line":37,"column":1}},"3":{"start":{"line":10,"column":2},"end":{"line":36,"column":4}},"4":{"start":{"line":9,"column":13},"end":{"line":9,"column":25}}},"fnMap":{"0":{"name":"(anonymous_0)","decl":{"start":{"line":9,"column":25},"end":{"line":9,"column":26}},"loc":{"start":{"line":9,"column":65},"end":{"line":37,"column":1}}}},"branchMap":{},"s":{"0":2,"1":2,"2":2,"3":29,"4":2},"f":{"0":29},"b":{}}
,"C:\\Arshil\\companyAssignments\\insuranceDashbord\\src\\features\\coi\\components\\SendReminderModal.tsx": {"path":"C:\\Arshil\\companyAssignments\\insuranceDashbord\\src\\features\\coi\\components\\SendReminderModal.tsx","statementMap":{"0":{"start":{"line":1,"column":0},"end":{"line":1,"column":53}},"1":{"start":{"line":2,"column":0},"end":{"line":2,"column":55}},"2":{"start":{"line":11,"column":33},"end":{"line":30,"column":1}},"3":{"start":{"line":12,"column":2},"end":{"line":29,"column":4}},"4":{"start":{"line":11,"column":13},"end":{"line":11,"column":33}}},"fnMap":{"0":{"name":"(anonymous_0)","decl":{"start":{"line":11,"column":33},"end":{"line":11,"column":34}},"loc":{"start":{"line":11,"column":107},"end":{"line":30,"column":1}}}},"branchMap":{"0":{"loc":{"start":{"line":16,"column":154},"end":{"line":16,"column":182}},"type":"cond-expr","locations":[{"start":{"line":16,"column":174},"end":{"line":16,"column":177}},{"start":{"line":16,"column":180},"end":{"line":16,"column":182}}]}},"s":{"0":2,"1":2,"2":2,"3":29,"4":2},"f":{"0":29},"b":{"0":[2,27]}}
,"C:\\Arshil\\companyAssignments\\insuranceDashbord\\src\\features\\coi\\components\\SummaryCards.tsx": {"path":"C:\\Arshil\\companyAssignments\\insuranceDashbord\\src\\features\\coi\\components\\SummaryCards.tsx","statementMap":{"0":{"start":{"line":1,"column":0},"end":{"line":1,"column":null}},"1":{"start":{"line":15,"column":14},"end":{"line":44,"column":2}},"2":{"start":{"line":46,"column":28},"end":{"line":75,"column":1}},"3":{"start":{"line":52,"column":17},"end":{"line":52,"column":56}},"4":{"start":{"line":54,"column":2},"end":{"line":74,"column":4}},"5":{"start":{"line":57,"column":8},"end":{"line":58,"column":null}},"6":{"start":{"line":46,"column":13},"end":{"line":46,"column":28}}},"fnMap":{"0":{"name":"(anonymous_0)","decl":{"start":{"line":46,"column":28},"end":{"line":46,"column":29}},"loc":{"start":{"line":51,"column":24},"end":{"line":75,"column":1}}},"1":{"name":"(anonymous_1)","decl":{"start":{"line":56,"column":17},"end":{"line":56,"column":18}},"loc":{"start":{"line":57,"column":8},"end":{"line":58,"column":null}}}},"branchMap":{},"s":{"0":3,"1":3,"2":3,"3":30,"4":30,"5":120,"6":3},"f":{"0":30,"1":120},"b":{}}
,"C:\\Arshil\\companyAssignments\\insuranceDashbord\\src\\features\\coi\\hooks\\useCOIFilters.ts": {"path":"C:\\Arshil\\companyAssignments\\insuranceDashbord\\src\\features\\coi\\hooks\\useCOIFilters.ts","statementMap":{"0":{"start":{"line":1,"column":0},"end":{"line":1,"column":42}},"1":{"start":{"line":4,"column":29},"end":{"line":70,"column":1}},"2":{"start":{"line":5,"column":40},"end":{"line":5,"column":52}},"3":{"start":{"line":6,"column":42},"end":{"line":6,"column":76}},"4":{"start":{"line":7,"column":46},"end":{"line":7,"column":61}},"5":{"start":{"line":8,"column":42},"end":{"line":8,"column":57}},"6":{"start":{"line":9,"column":36},"end":{"line":9,"column":48}},"7":{"start":{"line":10,"column":32},"end":{"line":10,"column":44}},"8":{"start":{"line":12,"column":23},"end":{"line":43,"column":96}},"9":{"start":{"line":13,"column":4},"end":{"line":42,"column":7}},"10":{"start":{"line":15,"column":8},"end":{"line":17,"column":69}},"11":{"start":{"line":19,"column":28},"end":{"line":19,"column":84}},"12":{"start":{"line":21,"column":30},"end":{"line":21,"column":126}},"13":{"start":{"line":23,"column":26},"end":{"line":23,"column":30}},"14":{"start":{"line":24,"column":6},"end":{"line":27,"column":7}},"15":{"start":{"line":25,"column":25},"end":{"line":25,"column":98}},"16":{"start":{"line":26,"column":8},"end":{"line":26,"column":76}},"17":{"start":{"line":29,"column":29},"end":{"line":29,"column":33}},"18":{"start":{"line":30,"column":6},"end":{"line":39,"column":7}},"19":{"start":{"line":31,"column":24},"end":{"line":31,"column":61}},"20":{"start":{"line":34,"column":28},"end":{"line":34,"column":81}},"21":{"start":{"line":36,"column":26},"end":{"line":36,"column":102}},"22":{"start":{"line":38,"column":8},"end":{"line":38,"column":74}},"23":{"start":{"line":41,"column":6},"end":{"line":41,"column":100}},"24":{"start":{"line":45,"column":16},"end":{"line":52,"column":19}},"25":{"start":{"line":46,"column":4},"end":{"line":51,"column":6}},"26":{"start":{"line":48,"column":40},"end":{"line":48,"column":61}},"27":{"start":{"line":49,"column":40},"end":{"line":49,"column":63}},"28":{"start":{"line":50,"column":40},"end":{"line":50,"column":68}},"29":{"start":{"line":54,"column":2},"end":{"line":69,"column":4}},"30":{"start":{"line":4,"column":13},"end":{"line":4,"column":29}}},"fnMap":{"0":{"name":"(anonymous_0)","decl":{"start":{"line":4,"column":29},"end":{"line":4,"column":30}},"loc":{"start":{"line":4,"column":58},"end":{"line":70,"column":1}}},"1":{"name":"(anonymous_1)","decl":{"start":{"line":12,"column":31},"end":{"line":12,"column":34}},"loc":{"start":{"line":12,"column":36},"end":{"line":43,"column":3}}},"2":{"name":"(anonymous_2)","decl":{"start":{"line":13,"column":30},"end":{"line":13,"column":36}},"loc":{"start":{"line":13,"column":39},"end":{"line":42,"column":5}}},"3":{"name":"(anonymous_3)","decl":{"start":{"line":45,"column":24},"end":{"line":45,"column":27}},"loc":{"start":{"line":45,"column":29},"end":{"line":52,"column":3}}},"4":{"name":"(anonymous_4)","decl":{"start":{"line":48,"column":35},"end":{"line":48,"column":36}},"loc":{"start":{"line":48,"column":40},"end":{"line":48,"column":61}}},"5":{"name":"(anonymous_5)","decl":{"start":{"line":49,"column":35},"end":{"line":49,"column":36}},"loc":{"start":{"line":49,"column":40},"end":{"line":49,"column":63}}},"6":{"name":"(anonymous_6)","decl":{"start":{"line":50,"column":35},"end":{"line":50,"column":36}},"loc":{"start":{"line":50,"column":40},"end":{"line":50,"column":68}}}},"branchMap":{"0":{"loc":{"start":{"line":15,"column":8},"end":{"line":17,"column":69}},"type":"binary-expr","locations":[{"start":{"line":15,"column":8},"end":{"line":15,"column":75}},{"start":{"line":16,"column":8},"end":{"line":16,"column":73}},{"start":{"line":17,"column":8},"end":{"line":17,"column":69}}]},"1":{"loc":{"start":{"line":19,"column":28},"end":{"line":19,"column":84}},"type":"binary-expr","locations":[{"start":{"line":19,"column":28},"end":{"line":19,"column":50}},{"start":{"line":19,"column":54},"end":{"line":19,"column":84}}]},"2":{"loc":{"start":{"line":21,"column":30},"end":{"line":21,"column":126}},"type":"binary-expr","locations":[{"start":{"line":21,"column":30},"end":{"line":21,"column":54}},{"start":{"line":21,"column":58},"end":{"line":21,"column":126}}]},"3":{"loc":{"start":{"line":24,"column":6},"end":{"line":27,"column":7}},"type":"if","locations":[{"start":{"line":24,"column":6},"end":{"line":27,"column":7}},{"start":{},"end":{}}]},"4":{"loc":{"start":{"line":26,"column":24},"end":{"line":26,"column":75}},"type":"binary-expr","locations":[{"start":{"line":26,"column":24},"end":{"line":26,"column":37}},{"start":{"line":26,"column":41},"end":{"line":26,"column":75}}]},"5":{"loc":{"start":{"line":30,"column":6},"end":{"line":39,"column":7}},"type":"if","locations":[{"start":{"line":30,"column":6},"end":{"line":39,"column":7}},{"start":{},"end":{}}]},"6":{"loc":{"start":{"line":30,"column":10},"end":{"line":30,"column":30}},"type":"binary-expr","locations":[{"start":{"line":30,"column":10},"end":{"line":30,"column":19}},{"start":{"line":30,"column":23},"end":{"line":30,"column":30}}]},"7":{"loc":{"start":{"line":34,"column":28},"end":{"line":34,"column":81}},"type":"cond-expr","locations":[{"start":{"line":34,"column":40},"end":{"line":34,"column":69}},{"start":{"line":34,"column":72},"end":{"line":34,"column":81}}]},"8":{"loc":{"start":{"line":36,"column":26},"end":{"line":36,"column":102}},"type":"cond-expr","locations":[{"start":{"line":36,"column":36},"end":{"line":36,"column":91}},{"start":{"line":36,"column":94},"end":{"line":36,"column":102}}]},"9":{"loc":{"start":{"line":38,"column":27},"end":{"line":38,"column":73}},"type":"binary-expr","locations":[{"start":{"line":38,"column":27},"end":{"line":38,"column":49}},{"start":{"line":38,"column":53},"end":{"line":38,"column":73}}]},"10":{"loc":{"start":{"line":41,"column":13},"end":{"line":41,"column":99}},"type":"binary-expr","locations":[{"start":{"line":41,"column":13},"end":{"line":41,"column":26}},{"start":{"line":41,"column":30},"end":{"line":41,"column":43}},{"start":{"line":41,"column":47},"end":{"line":41,"column":62}},{"start":{"line":41,"column":66},"end":{"line":41,"column":79}},{"start":{"line":41,"column":83},"end":{"line":41,"column":99}}]}},"s":{"0":2,"1":2,"2":29,"3":29,"4":29,"5":29,"6":29,"7":29,"8":29,"9":17,"10":888,"11":888,"12":888,"13":888,"14":888,"15":0,"16":0,"17":888,"18":888,"19":0,"20":0,"21":0,"22":0,"23":888,"24":29,"25":16,"26":836,"27":836,"28":836,"29":29,"30":2},"f":{"0":29,"1":17,"2":888,"3":16,"4":836,"5":836,"6":836},"b":{"0":[888,0,0],"1":[888,52],"2":[888,0],"3":[0,888],"4":[0,0],"5":[0,888],"6":[888,888],"7":[0,0],"8":[0,0],"9":[0,0],"10":[888,888,846,846,846]}}
,"C:\\Arshil\\companyAssignments\\insuranceDashbord\\src\\features\\coi\\hooks\\usePagination.ts": {"path":"C:\\Arshil\\companyAssignments\\insuranceDashbord\\src\\features\\coi\\hooks\\usePagination.ts","statementMap":{"0":{"start":{"line":1,"column":0},"end":{"line":1,"column":42}},"1":{"start":{"line":3,"column":29},"end":{"line":31,"column":1}},"2":{"start":{"line":4,"column":40},"end":{"line":4,"column":51}},"3":{"start":{"line":5,"column":40},"end":{"line":5,"column":68}},"4":{"start":{"line":7,"column":21},"end":{"line":7,"column":62}},"5":{"start":{"line":8,"column":24},"end":{"line":11,"column":38}},"6":{"start":{"line":9,"column":18},"end":{"line":9,"column":49}},"7":{"start":{"line":10,"column":4},"end":{"line":10,"column":50}},"8":{"start":{"line":13,"column":19},"end":{"line":16,"column":3}},"9":{"start":{"line":14,"column":22},"end":{"line":14,"column":61}},"10":{"start":{"line":15,"column":4},"end":{"line":15,"column":30}},"11":{"start":{"line":18,"column":28},"end":{"line":21,"column":3}},"12":{"start":{"line":19,"column":4},"end":{"line":19,"column":25}},"13":{"start":{"line":20,"column":4},"end":{"line":20,"column":22}},"14":{"start":{"line":23,"column":2},"end":{"line":30,"column":4}},"15":{"start":{"line":3,"column":13},"end":{"line":3,"column":29}}},"fnMap":{"0":{"name":"(anonymous_0)","decl":{"start":{"line":3,"column":29},"end":{"line":3,"column":33}},"loc":{"start":{"line":3,"column":71},"end":{"line":31,"column":1}}},"1":{"name":"(anonymous_1)","decl":{"start":{"line":8,"column":32},"end":{"line":8,"column":35}},"loc":{"start":{"line":8,"column":37},"end":{"line":11,"column":3}}},"2":{"name":"(anonymous_2)","decl":{"start":{"line":13,"column":19},"end":{"line":13,"column":20}},"loc":{"start":{"line":13,"column":36},"end":{"line":16,"column":3}}},"3":{"name":"(anonymous_3)","decl":{"start":{"line":18,"column":28},"end":{"line":18,"column":29}},"loc":{"start":{"line":18,"column":45},"end":{"line":21,"column":3}}}},"branchMap":{"0":{"loc":{"start":{"line":3,"column":44},"end":{"line":3,"column":67}},"type":"default-arg","locations":[{"start":{"line":3,"column":65},"end":{"line":3,"column":67}}]},"1":{"loc":{"start":{"line":7,"column":21},"end":{"line":7,"column":62}},"type":"binary-expr","locations":[{"start":{"line":7,"column":21},"end":{"line":7,"column":57}},{"start":{"line":7,"column":61},"end":{"line":7,"column":62}}]}},"s":{"0":2,"1":2,"2":29,"3":29,"4":29,"5":29,"6":17,"7":17,"8":29,"9":1,"10":1,"11":29,"12":0,"13":0,"14":29,"15":2},"f":{"0":29,"1":17,"2":1,"3":0},"b":{"0":[0],"1":[29,0]}}
[...]
ne":78,"column":4},"end":{"line":78,"column":54}},"47":{"start":{"line":81,"column":26},"end":{"line":83,"column":3}},"48":{"start":{"line":82,"column":4},"end":{"line":82,"column":39}},"49":{"start":{"line":85,"column":26},"end":{"line":88,"column":3}},"50":{"start":{"line":86,"column":4},"end":{"line":86,"column":29}},"51":{"start":{"line":87,"column":4},"end":{"line":87,"column":29}},"52":{"start":{"line":90,"column":27},"end":{"line":94,"column":3}},"53":{"start":{"line":91,"column":4},"end":{"line":91,"column":42}},"54":{"start":{"line":92,"column":4},"end":{"line":92,"column":30}},"55":{"start":{"line":93,"column":4},"end":{"line":93,"column":27}},"56":{"start":{"line":96,"column":29},"end":{"line":99,"column":3}},"57":{"start":{"line":97,"column":4},"end":{"line":97,"column":26}},"58":{"start":{"line":98,"column":4},"end":{"line":98,"column":31}},"59":{"start":{"line":101,"column":24},"end":{"line":108,"column":3}},"60":{"start":{"line":102,"column":4},"end":{"line":107,"column":5}},"61":{"start":{"line":103,"column":6},"end":{"line":103,"column":45}},"62":{"start":{"line":104,"column":6},"end":{"line":104,"column":75}},"63":{"start":{"line":104,"column":31},"end":{"line":104,"column":73}},"64":{"start":{"line":104,"column":51},"end":{"line":104,"column":72}},"65":{"start":{"line":105,"column":6},"end":{"line":105,"column":30}},"66":{"start":{"line":106,"column":6},"end":{"line":106,"column":34}},"67":{"start":{"line":110,"column":29},"end":{"line":113,"column":3}},"68":{"start":{"line":111,"column":4},"end":{"line":111,"column":28}},"69":{"start":{"line":112,"column":4},"end":{"line":112,"column":16}},"70":{"start":{"line":115,"column":29},"end":{"line":118,"column":3}},"71":{"start":{"line":116,"column":4},"end":{"line":116,"column":26}},"72":{"start":{"line":117,"column":4},"end":{"line":117,"column":16}},"73":{"start":{"line":120,"column":2},"end":{"line":234,"column":4}},"74":{"start":{"line":124,"column":35},"end":{"line":124,"column":63}},"75":{"start":{"line":125,"column":28},"end":{"line":125,"column":53}},"76":{"start":{"line":126,"column":27},"end":{"line":126,"column":51}},"77":{"start":{"line":145,"column":16},"end":{"line":145,"column":40}},"78":{"start":{"line":146,"column":16},"end":{"line":146,"column":28}},"79":{"start":{"line":150,"column":16},"end":{"line":150,"column":38}},"80":{"start":{"line":151,"column":16},"end":{"line":151,"column":28}},"81":{"start":{"line":156,"column":16},"end":{"line":156,"column":35}},"82":{"start":{"line":157,"column":16},"end":{"line":157,"column":28}},"83":{"start":{"line":160,"column":16},"end":{"line":160,"column":33}},"84":{"start":{"line":161,"column":16},"end":{"line":161,"column":28}},"85":{"start":{"line":163,"column":32},"end":{"line":163,"column":55}},"86":{"start":{"line":164,"column":35},"end":{"line":164,"column":60}},"87":{"start":{"line":190,"column":23},"end":{"line":190,"column":47}},"88":{"start":{"line":197,"column":10},"end":{"line":197,"column":36}},"89":{"start":{"line":198,"column":10},"end":{"line":198,"column":33}},"90":{"start":{"line":207,"column":10},"end":{"line":207,"column":38}},"91":{"start":{"line":208,"column":10},"end":{"line":208,"column":34}},"92":{"start":{"line":211,"column":65},"end":{"line":211,"column":88}},"93":{"start":{"line":216,"column":23},"end":{"line":216,"column":49}},"94":{"start":{"line":221,"column":23},"end":{"line":221,"column":48}},"95":{"start":{"line":226,"column":23},"end":{"line":226,"column":52}},"96":{"start":{"line":228,"column":10},"end":{"line":228,"column":40}},"97":{"start":{"line":229,"column":10},"end":{"line":229,"column":29}},"98":{"start":{"line":237,"column":0},"end":{"line":237,"column":25}}},"fnMap":{"0":{"name":"(anonymous_0)","decl":{"start":{"line":21,"column":18},"end":{"line":21,"column":21}},"loc":{"start":{"line":21,"column":23},"end":{"line":235,"column":1}}},"1":{"name":"(anonymous_1)","decl":{"start":{"line":22,"column":27},"end":{"line":22,"column":28}},"loc":{"start":{"line":22,"column":49},"end":{"line":22,"column":63}}},"2":{"name":"(anonymous_2)","decl":{"start":{"line":61,"column":26},"end":{"line":61,"column":27}},"loc":{"start":{"line":61,"column":47},"end":{"line":67,"column":3}}},"3":{"name":"(anonymous_3)","decl":{"start":{"line":63,"column":38},"end":{"line":63,"column":39}},"loc":{"start":{"line":63,"column":43},"end":{"line":63,"column":47}}},"4":{"name":"(anonymous_4)","decl":{"start":{"line":69,"column":26},"end":{"line":69,"column":27}},"loc":{"start":{"line":69,"column":59},"end":{"line":75,"column":3}}},"5":{"name":"(anonymous_5)","decl":{"start":{"line":71,"column":21},"end":{"line":71,"column":25}},"loc":{"start":{"line":71,"column":29},"end":{"line":71,"column":42}}},"6":{"name":"(anonymous_6)","decl":{"start":{"line":73,"column":21},"end":{"line":73,"column":25}},"loc":{"start":{"line":73,"column":29},"end":{"line":73,"column":73}}},"7":{"name":"(anonymous_7)","decl":{"start":{"line":73,"column":41},"end":{"line":73,"column":51}},"loc":{"start":{"line":73,"column":55},"end":{"line":73,"column":72}}},"8":{"name":"(anonymous_8)","decl":{"start":{"line":77,"column":29},"end":{"line":77,"column":30}},"loc":{"start":{"line":77,"column":76},"end":{"line":79,"column":3}}},"9":{"name":"(anonymous_9)","decl":{"start":{"line":81,"column":26},"end":{"line":81,"column":27}},"loc":{"start":{"line":81,"column":81},"end":{"line":83,"column":3}}},"10":{"name":"(anonymous_10)","decl":{"start":{"line":85,"column":26},"end":{"line":85,"column":27}},"loc":{"start":{"line":85,"column":48},"end":{"line":88,"column":3}}},"11":{"name":"(anonymous_11)","decl":{"start":{"line":90,"column":27},"end":{"line":90,"column":28}},"loc":{"start":{"line":90,"column":56},"end":{"line":94,"column":3}}},"12":{"name":"(anonymous_12)","decl":{"start":{"line":96,"column":29},"end":{"line":96,"column":30}},"loc":{"start":{"line":96,"column":44},"end":{"line":99,"column":3}}},"13":{"name":"(anonymous_13)","decl":{"start":{"line":101,"column":24},"end":{"line":101,"column":27}},"loc":{"start":{"line":101,"column":29},"end":{"line":108,"column":3}}},"14":{"name":"(anonymous_14)","decl":{"start":{"line":104,"column":21},"end":{"line":104,"column":22}},"loc":{"start":{"line":104,"column":31},"end":{"line":104,"column":73}}},"15":{"name":"(anonymous_15)","decl":{"start":{"line":104,"column":43},"end":{"line":104,"column":44}},"loc":{"start":{"line":104,"column":51},"end":{"line":104,"column":72}}},"16":{"name":"(anonymous_16)","decl":{"start":{"line":110,"column":29},"end":{"line":110,"column":30}},"loc":{"start":{"line":110,"column":59},"end":{"line":113,"column":3}}},"17":{"name":"(anonymous_17)","decl":{"start":{"line":115,"column":29},"end":{"line":115,"column":30}},"loc":{"start":{"line":115,"column":47},"end":{"line":118,"column":3}}},"18":{"name":"(anonymous_18)","decl":{"start":{"line":124,"column":29},"end":{"line":124,"column":32}},"loc":{"start":{"line":124,"column":35},"end":{"line":124,"column":63}}},"19":{"name":"(anonymous_19)","decl":{"start":{"line":125,"column":22},"end":{"line":125,"column":25}},"loc":{"start":{"line":125,"column":28},"end":{"line":125,"column":53}}},"20":{"name":"(anonymous_20)","decl":{"start":{"line":126,"column":21},"end":{"line":126,"column":24}},"loc":{"start":{"line":126,"column":27},"end":{"line":126,"column":51}}},"21":{"name":"(anonymous_21)","decl":{"start":{"line":144,"column":38},"end":{"line":144,"column":39}},"loc":{"start":{"line":144,"column":47},"end":{"line":147,"column":15}}},"22":{"name":"(anonymous_22)","decl":{"start":{"line":149,"column":36},"end":{"line":149,"column":37}},"loc":{"start":{"line":149,"column":45},"end":{"line":152,"column":15}}},"23":{"name":"(anonymous_23)","decl":{"start":{"line":155,"column":33},"end":{"line":155,"column":34}},"loc":{"start":{"line":155,"column":42},"end":{"line":158,"column":15}}},"24":{"name":"(anonymous_24)","decl":{"start":{"line":159,"column":31},"end":{"line":159,"column":32}},"loc":{"start":{"line":159,"column":40},"end":{"line":162,"column":15}}},"25":{"name":"(anonymous_25)","decl":{"start":{"line":163,"column":26},"end":{"line":163,"column":29}},"loc":{"start":{"line":163,"column":32},"end":{"line":163,"column":55}}},"26":{"name":"(anonymous_26)","decl":{"start":{"line":164,"column":29},"end":{"line":164,"column":32}},"loc":{"start":{"line":164,"column":35},"end":{"line":164,"column":60}}},"27":{"name":"(anonymous_27)","decl":{"start":{"line":190,"column":17},"end":{"line":190,"column":20}},"loc":{"start":{"line":190,"column":23},"end":{"line":190,"column":47}}},"28":{"name":"(anonymous_28)","decl":{"start":{"line":196,"column":17},"end":{"line":196,"column":20}},"loc":{"start":{"line":196,"column":22},"end":{"line":199,"column":9}}},"29":{"name":"(anonymous_29)","decl":{"start":{"line":206,"column":17},"end":{"line":206,"column":20}},"loc":{"start":{"line":206,"column":22},"end":{"line":209,"column":9}}},"30":{"name":"(anonymous_30)","decl":{"start":{"line":211,"column":47},"end":{"line":211,"column":48}},"loc":{"start":{"line":211,"column":65},"end":{"line":211,"column":88}}},"31":{"name":"(anonymous_31)","decl":{"start":{"line":216,"column":17},"end":{"line":216,"column":20}},"loc":{"start":{"line":216,"column":23},"end":{"line":216,"column":49}}},"32":{"name":"(anonymous_32)","decl":{"start":{"line":221,"column":17},"end":{"line":221,"column":20}},"loc":{"start":{"line":221,"column":23},"end":{"line":221,"column":48}}},"33":{"name":"(anonymous_33)","decl":{"start":{"line":226,"column":17},"end":{"line":226,"column":20}},"loc":{"start":{"line":226,"column":23},"end":{"line":226,"column":52}}},"34":{"name":"(anonymous_34)","decl":{"start":{"line":227,"column":19},"end":{"line":227,"column":22}},"loc":{"start":{"line":227,"column":24},"end":{"line":230,"column":9}}}},"branchMap":{"0":{"loc":{"start":{"line":62,"column":4},"end":{"line":66,"column":5}},"type":"if","locations":[{"start":{"line":62,"column":4},"end":{"line":66,"column":5}},{"start":{"line":64,"column":11},"end":{"line":66,"column":5}}]},"1":{"loc":{"start":{"line":70,"column":4},"end":{"line":74,"column":5}},"type":"if","locations":[{"start":{"line":70,"column":4},"end":{"line":74,"column":5}},{"start":{"line":72,"column":11},"end":{"line":74,"column":5}}]},"2":{"loc":{"start":{"line":102,"column":4},"end":{"line":107,"column":5}},"type":"if","locations":[{"start":{"line":102,"column":4},"end":{"line":107,"column":5}},{"start":{},"end":{}}]},"3":{"loc":{"start":{"line":211,"column":20},"end":{"line":211,"column":110}},"type":"cond-expr","locations":[{"start":{"line":211,"column":37},"end":{"line":211,"column":98}},{"start":{"line":211,"column":101},"end":{"line":211,"column":110}}]},"4":{"loc":{"start":{"line":211,"column":37},"end":{"line":211,"column":98}},"type":"cond-expr","locations":[{"start":{"line":211,"column":89},"end":{"line":211,"column":91}},{"start":{"line":211,"column":89},"end":{"line":211,"column":98}}]},"5":{"loc":{"start":{"line":211,"column":37},"end":{"line":211,"column":91}},"type":"binary-expr","locations":[{"start":{"line":211,"column":37},"end":{"line":211,"column":91}},{"start":{"line":211,"column":89},"end":{"line":211,"column":91}}]}},"s":{"0":2,"1":2,"2":2,"3":2,"4":2,"5":2,"6":2,"7":2,"8":2,"9":2,"10":2,"11":2,"12":2,"13":2,"14":2,"15":2,"16":2,"17":2,"18":29,"19":45,"20":29,"21":29,"22":29,"23":29,"24":29,"25":29,"26":29,"27":29,"28":29,"29":29,"30":29,"31":29,"32":29,"33":29,"34":1,"35":1,"36":52,"37":0,"38":29,"39":2,"40":1,"41":1,"42":1,"43":1,"44":1,"45":29,"46":0,"47":29,"48":1,"49":29,"50":2,"51":2,"52":29,"53":1,"54":1,"55":1,"56":29,"57":2,"58":2,"59":29,"60":1,"61":1,"62":1,"63":1,"64":0,"65":1,"66":1,"67":29,"68":1,"69":1,"70":29,"71":0,"72":0,"73":29,"74":1,"75":1,"76":1,"77":0,"78":0,"79":0,"80":0,"81":0,"82":0,"83":0,"84":0,"85":2,"86":0,"87":1,"88":1,"89":1,"90":0,"91":0,"92":59,"93":0,"94":0,"95":0,"96":0,"97":0,"98":2},"f":{"0":29,"1":45,"2":1,"3":52,"4":2,"5":1,"6":1,"7":1,"8":0,"9":1,"10":2,"11":1,"12":2,"13":1,"14":1,"15":0,"16":1,"17":0,"18":1,"19":1,"20":1,"21":0,"22":0,"23":0,"24":0,"25":2,"26":0,"27":1,"28":1,"29":0,"30":59,"31":0,"32":0,"33":0,"34":0},"b":{"0":[1,0],"1":[1,1],"2":[1,0],"3":[2,27],"4":[0,2],"5":[2,2]}}
,"C:\\Arshil\\companyAssignments\\insuranceDashbord\\src\\pages\\Settings.tsx": {"path":"C:\\Arshil\\companyAssignments\\insuranceDashbord\\src\\pages\\Settings.tsx","statementMap":{"0":{"start":{"line":1,"column":0},"end":{"line":1,"column":53}},"1":{"start":{"line":3,"column":17},"end":{"line":30,"column":1}},"2":{"start":{"line":4,"column":2},"end":{"line":29,"column":4}},"3":{"start":{"line":32,"column":0},"end":{"line":32,"column":24}}},"fnMap":{"0":{"name":"(anonymous_0)","decl":{"start":{"line":3,"column":17},"end":{"line":3,"column":20}},"loc":{"start":{"line":3,"column":22},"end":{"line":30,"column":1}}}},"branchMap":{},"s":{"0":1,"1":1,"2":1,"3":1},"f":{"0":1},"b":{}}
,"C:\\Arshil\\companyAssignments\\insuranceDashbord\\src\\store\\index.ts": {"path":"C:\\Arshil\\companyAssignments\\insuranceDashbord\\src\\store\\index.ts","statementMap":{"0":{"start":{"line":1,"column":0},"end":{"line":1,"column":50}},"1":{"start":{"line":2,"column":0},"end":{"line":2,"column":56}},"2":{"start":{"line":4,"column":13},"end":{"line":8,"column":3}}},"fnMap":{},"branchMap":{},"s":{"0":10,"1":10,"2":10},"f":{},"b":{}}
,"C:\\Arshil\\companyAssignments\\insuranceDashbord\\src\\utils\\exportCSV.ts": {"path":"C:\\Arshil\\companyAssignments\\insuranceDashbord\\src\\utils\\exportCSV.ts","statementMap":{"0":{"start":{"line":3,"column":27},"end":{"line":68,"column":1}},"1":{"start":{"line":4,"column":2},"end":{"line":7,"column":3}},"2":{"start":{"line":5,"column":4},"end":{"line":5,"column":42}},"3":{"start":{"line":6,"column":4},"end":{"line":6,"column":11}},"4":{"start":{"line":10,"column":18},"end":{"line":19,"column":4}},"5":{"start":{"line":22,"column":22},"end":{"line":31,"column":3}},"6":{"start":{"line":23,"column":4},"end":{"line":23,"column":57}},"7":{"start":{"line":23,"column":47},"end":{"line":23,"column":57}},"8":{"start":{"line":24,"column":24},"end":{"line":24,"column":37}},"9":{"start":{"line":26,"column":4},"end":{"line":28,"column":5}},"10":{"start":{"line":27,"column":6},"end":{"line":27,"column":52}},"11":{"start":{"line":30,"column":4},"end":{"line":30,"column":23}},"12":{"start":{"line":33,"column":18},"end":{"line":33,"column":20}},"13":{"start":{"line":36,"column":2},"end":{"line":36,"column":34}},"14":{"start":{"line":39,"column":2},"end":{"line":51,"column":5}},"15":{"start":{"line":40,"column":19},"end":{"line":48,"column":6}},"16":{"start":{"line":42,"column":18},"end":{"line":42,"column":29}},"17":{"start":{"line":44,"column":6},"end":{"line":46,"column":7}},"18":{"start":{"line":45,"column":8},"end":{"line":45,"column":63}},"19":{"start":{"line":47,"column":6},"end":{"line":47,"column":30}},"20":{"start":{"line":50,"column":4},"end":{"line":50,"column":35}},"21":{"start":{"line":54,"column":20},"end":{"line":54,"column":38}},"22":{"start":{"line":55,"column":15},"end":{"line":55,"column":73}},"23":{"start":{"line":58,"column":15},"end":{"line":58,"column":42}},"24":{"start":{"line":59,"column":14},"end":{"line":59,"column":39}},"25":{"start":{"line":61,"column":2},"end":{"line":61,"column":33}},"26":{"start":{"line":62,"column":2},"end":{"line":62,"column":42}},"27":{"start":{"line":63,"column":2},"end":{"line":63,"column":35}},"28":{"start":{"line":64,"column":2},"end":{"line":64,"column":34}},"29":{"start":{"line":66,"column":2},"end":{"line":66,"column":15}},"30":{"start":{"line":67,"column":2},"end":{"line":67,"column":34}},"31":{"start":{"line":3,"column":13},"end":{"line":3,"column":27}}},"fnMap":{"0":{"name":"(anonymous_0)","decl":{"start":{"line":3,"column":27},"end":{"line":3,"column":28}},"loc":{"start":{"line":3,"column":79},"end":{"line":68,"column":1}}},"1":{"name":"(anonymous_1)","decl":{"start":{"line":22,"column":22},"end":{"line":22,"column":23}},"loc":{"start":{"line":22,"column":37},"end":{"line":31,"column":3}}},"2":{"name":"(anonymous_2)","decl":{"start":{"line":39,"column":15},"end":{"line":39,"column":16}},"loc":{"start":{"line":39,"column":23},"end":{"line":51,"column":3}}},"3":{"name":"(anonymous_3)","decl":{"start":{"line":40,"column":31},"end":{"line":40,"column":32}},"loc":{"start":{"line":40,"column":42},"end":{"line":48,"column":5}}}},"branchMap":{"0":{"loc":{"start":{"line":3,"column":47},"end":{"line":3,"column":75}},"type":"default-arg","locations":[{"start":{"line":3,"column":58},"end":{"line":3,"column":75}}]},"1":{"loc":{"start":{"line":4,"column":2},"end":{"line":7,"column":3}},"type":"if","locations":[{"start":{"line":4,"column":2},"end":{"line":7,"column":3}},{"start":{},"end":{}}]},"2":{"loc":{"start":{"line":4,"column":6},"end":{"line":4,"column":32}},"type":"binary-expr","locations":[{"start":{"line":4,"column":6},"end":{"line":4,"column":11}},{"start":{"line":4,"column":15},"end":{"line":4,"column":32}}]},"3":{"loc":{"start":{"line":23,"column":4},"end":{"line":23,"column":57}},"type":"if","locations":[{"start":{"line":23,"column":4},"end":{"line":23,"column":57}},{"start":{},"end":{}}]},"4":{"loc":{"start":{"line":23,"column":8},"end":{"line":23,"column":45}},"type":"binary-expr","locations":[{"start":{"line":23,"column":8},"end":{"line":23,"column":22}},{"start":{"line":23,"column":26},"end":{"line":23,"column":45}}]},"5":{"loc":{"start":{"line":26,"column":4},"end":{"line":28,"column":5}},"type":"if","locations":[{"start":{"line":26,"column":4},"end":{"line":28,"column":5}},{"start":{},"end":{}}]},"6":{"loc":{"start":{"line":26,"column":8},"end":{"line":26,"column":92}},"type":"binary-expr","locations":[{"start":{"line":26,"column":8},"end":{"line":26,"column":33}},{"start":{"line":26,"column":37},"end":{"line":26,"column":62}},{"start":{"line":26,"column":66},"end":{"line":26,"column":92}}]},"7":{"loc":{"start":{"line":44,"column":6},"end":{"line":46,"column":7}},"type":"if","locations":[{"start":{"line":44,"column":6},"end":{"line":46,"column":7}},{"start":{},"end":{}}]},"8":{"loc":{"start":{"line":44,"column":10},"end":{"line":44,"column":59}},"type":"binary-expr","locations":[{"start":{"line":44,"column":10},"end":{"line":44,"column":33}},{"start":{"line":44,"column":37},"end":{"line":44,"column":59}}]}},"s":{"0":2,"1":0,"2":0,"3":0,"4":0,"5":0,"6":0,"7":0,"8":0,"9":0,"10":0,"11":0,"12":0,"13":0,"14":0,"15":0,"16":0,"17":0,"18":0,"19":0,"20":0,"21":0,"22":0,"23":0,"24":0,"25":0,"26":0,"27":0,"28":0,"29":0,"30":0,"31":2},"f":{"0":0,"1":0,"2":0,"3":0},"b":{"0":[0],"1":[0,0],"2":[0,0],"3":[0,0],"4":[0,0],"5":[0,0],"6":[0,0,0],"7":[0,0],"8":[0,0]}}
,"C:\\Arshil\\companyAssignments\\insuranceDashbord\\src\\utils\\test-utils.tsx": {"path":"C:\\Arshil\\companyAssignments\\insuranceDashbord\\src\\utils\\test-utils.tsx","statementMap":{"0":{"start":{"line":1,"column":0},"end":{"line":1,"column":44}},"1":{"start":{"line":2,"column":0},"end":{"line":2,"column":63}},"2":{"start":{"line":3,"column":0},"end":{"line":3,"column":39}},"3":{"start":{"line":4,"column":0},"end":{"line":4,"column":49}},"4":{"start":{"line":5,"column":0},"end":{"line":5,"column":33}},"5":{"start":{"line":7,"column":24},"end":{"line":15,"column":1}},"6":{"start":{"line":8,"column":2},"end":{"line":14,"column":4}},"7":{"start":{"line":17,"column":21},"end":{"line":20,"column":57}},"8":{"start":{"line":20,"column":5},"end":{"line":20,"column":57}},"9":{"start":{"line":23,"column":25},"end":{"line":23,"column":31}},"10":{"start":{"line":22,"column":0},"end":{"line":22,"column":39}}},"fnMap":{"0":{"name":"(anonymous_4)","decl":{"start":{"line":7,"column":24},"end":{"line":7,"column":25}},"loc":{"start":{"line":7,"column":72},"end":{"line":15,"column":1}}},"1":{"name":"(anonymous_5)","decl":{"start":{"line":17,"column":21},"end":{"line":17,"column":null}},"loc":{"start":{"line":20,"column":5},"end":{"line":20,"column":57}}}},"branchMap":{},"s":{"0":9,"1":9,"2":9,"3":9,"4":9,"5":9,"6":27,"7":9,"8":27,"9":9,"10":9},"f":{"0":27,"1":27},"b":{}}
}
