TN:
SF:src\App.tsx
FN:5,(anonymous_0)
FN:5,(anonymous_1)
FN:6,(anonymous_2)
FN:6,(anonymous_3)
FN:7,(anonymous_4)
FN:7,(anonymous_5)
FN:8,(anonymous_6)
FN:8,(anonymous_7)
FN:11,(anonymous_8)
FN:20,App
FNF:10
FNH:4
FNDA:1,(anonymous_0)
FNDA:1,(anonymous_1)
FNDA:0,(anonymous_2)
FNDA:0,(anonymous_3)
FNDA:0,(anonymous_4)
FNDA:0,(anonymous_5)
FNDA:0,(anonymous_6)
FNDA:0,(anonymous_7)
FNDA:1,(anonymous_8)
FNDA:1,App
DA:1,1
DA:2,1
DA:3,1
DA:5,2
DA:6,1
DA:7,1
DA:8,1
DA:11,1
DA:12,1
DA:21,1
DA:35,1
LF:11
LH:11
BRF:0
BRH:0
end_of_record
TN:
SF:src\assets\index.ts
FNF:0
FNH:0
DA:2,10
DA:3,10
DA:4,10
DA:5,10
DA:6,10
DA:7,10
DA:10,10
DA:11,10
DA:12,10
DA:13,10
DA:16,10
DA:17,10
DA:18,10
DA:19,10
DA:22,10
DA:23,10
DA:24,10
DA:25,10
DA:26,10
DA:29,10
DA:30,10
DA:31,10
DA:32,10
DA:33,10
DA:34,10
DA:35,10
DA:36,10
DA:37,10
DA:38,10
DA:39,10
DA:40,10
DA:41,10
DA:42,10
DA:43,10
DA:44,10
DA:45,10
DA:46,10
DA:47,10
LF:38
LH:38
BRF:0
BRH:0
end_of_record
TN:
SF:src\components\ThemeToggle.tsx
FN:5,ThemeToggle
FN:11,(anonymous_1)
FNF:2
FNH:2
FNDA:39,ThemeToggle
FNDA:1,(anonymous_1)
DA:1,7
DA:2,7
DA:3,7
DA:5,7
DA:6,39
DA:8,39
DA:11,1
LF:7
LH:7
BRDA:11,0,0,0
BRDA:11,0,1,1
BRF:2
BRH:1
end_of_record
TN:
SF:src\components\theme-provider.tsx
FN:18,(anonymous_1)
FN:23,ThemeProvider
FN:30,(anonymous_3)
FN:33,(anonymous_4)
FN:53,(anonymous_5)
FN:66,(anonymous_6)
FNF:6
FNH:5
FNDA:0,(anonymous_1)
FNDA:3,ThemeProvider
FNDA:2,(anonymous_3)
FNDA:3,(anonymous_4)
FNDA:1,(anonymous_5)
FNDA:39,(anonymous_6)
DA:1,7
DA:16,7
DA:18,0
DA:21,7
DA:23,7
DA:26,3
DA:27,3
DA:29,3
DA:30,2
DA:33,3
DA:34,3
DA:36,3
DA:38,3
DA:39,0
DA:44,0
DA:45,0
DA:48,3
DA:51,3
DA:54,1
DA:55,1
DA:59,3
DA:66,7
DA:67,39
DA:69,39
DA:70,0
DA:72,39
LF:26
LH:21
BRDA:25,0,0,0
BRDA:26,1,0,0
BRDA:30,2,0,2
BRDA:30,2,1,2
BRDA:38,3,0,0
BRDA:38,3,1,3
BRDA:39,4,0,0
BRDA:39,4,1,0
BRDA:69,5,0,0
BRDA:69,5,1,39
BRF:10
BRH:4
end_of_record
TN:
SF:src\components\layout\DashboardLayout.tsx
FN:6,(anonymous_0)
FN:17,(anonymous_1)
FN:27,(anonymous_2)
FNF:3
FNH:1
FNDA:2,(anonymous_0)
FNDA:0,(anonymous_1)
FNDA:0,(anonymous_2)
DA:1,2
DA:2,2
DA:3,2
DA:4,2
DA:6,2
DA:7,2
DA:9,2
DA:17,0
DA:27,0
LF:9
LH:7
BRDA:19,0,0,0
BRDA:19,0,1,2
BRDA:24,1,0,2
BRDA:24,1,1,0
BRDA:31,2,0,0
BRDA:31,2,1,2
BRF:6
BRH:3
end_of_record
TN:
SF:src\components\layout\Header.tsx
FN:15,(anonymous_0)
FNF:1
FNH:1
FNDA:36,(anonymous_0)
DA:1,6
DA:2,6
DA:3,6
DA:4,6
DA:15,6
DA:23,36
LF:6
LH:6
BRDA:16,0,0,5
BRDA:20,1,0,3
BRDA:21,2,0,3
BRDA:30,3,0,36
BRDA:30,3,1,36
BRDA:47,4,0,4
BRDA:47,4,1,32
BRDA:48,5,0,3
BRDA:48,5,1,1
BRF:9
BRH:9
end_of_record
TN:
SF:src\components\layout\Sidebar.tsx
FN:23,(anonymous_0)
FN:49,(anonymous_1)
FN:85,(anonymous_2)
FN:89,(anonymous_3)
FNF:4
FNH:3
FNDA:4,(anonymous_0)
FNDA:0,(anonymous_1)
FNDA:16,(anonymous_2)
FNDA:16,(anonymous_3)
DA:1,3
DA:2,3
DA:3,3
DA:5,3
DA:14,3
DA:16,3
DA:23,3
DA:24,4
DA:26,4
DA:49,0
DA:86,16
DA:89,16
LF:12
LH:11
BRDA:30,0,0,0
BRDA:30,0,1,4
BRDA:42,1,0,0
BRDA:42,1,1,4
BRDA:57,2,0,4
BRDA:57,2,1,0
BRDA:67,3,0,0
BRDA:67,3,1,4
BRDA:68,4,0,0
BRDA:68,4,1,4
BRDA:69,5,0,0
BRDA:69,5,1,4
BRDA:75,6,0,0
BRDA:75,6,1,4
BRDA:90,7,0,4
BRDA:90,7,1,12
BRDA:94,8,0,0
BRDA:94,8,1,16
BRDA:96,9,0,0
BRDA:96,9,1,16
BRDA:102,10,0,0
BRDA:102,10,1,16
BRF:22
BRH:12
end_of_record
TN:
SF:src\components\layout\UserDropdown.tsx
FN:5,(anonymous_0)
FN:10,(anonymous_1)
FN:11,(anonymous_2)
FN:21,(anonymous_3)
FN:30,(anonymous_4)
FNF:5
FNH:3
FNDA:36,(anonymous_0)
FNDA:20,(anonymous_1)
FNDA:0,(anonymous_2)
FNDA:20,(anonymous_3)
FNDA:0,(anonymous_4)
DA:1,6
DA:2,6
DA:3,6
DA:5,6
DA:6,36
DA:7,36
DA:10,36
DA:11,20
DA:12,0
DA:13,0
DA:17,20
DA:18,0
DA:21,20
DA:22,20
DA:26,36
DA:30,0
LF:16
LH:12
BRDA:12,0,0,0
BRDA:12,0,1,0
BRDA:12,1,0,0
BRDA:12,1,1,0
BRDA:17,2,0,0
BRDA:17,2,1,20
BRDA:43,3,0,0
BRDA:43,3,1,36
BRDA:47,4,0,36
BRDA:47,4,1,0
BRF:10
BRH:3
end_of_record
TN:
SF:src\components\ui\Button.tsx
FN:50,(anonymous_1)
FNF:1
FNH:1
FNDA:259,(anonymous_1)
DA:1,11
DA:2,11
DA:21,11
DA:31,11
DA:43,11
DA:49,11
DA:62,259
DA:63,259
DA:67,259
DA:73,259
DA:77,259
DA:80,259
DA:87,259
DA:92,259
DA:123,11
LF:15
LH:15
BRDA:52,0,0,241
BRDA:53,1,0,13
BRDA:54,2,0,259
BRDA:55,3,0,222
BRDA:56,4,0,258
BRDA:57,5,0,259
BRDA:58,6,0,137
BRDA:62,7,0,189
BRDA:73,8,0,34
BRDA:73,8,1,225
BRDA:73,9,0,259
BRDA:73,9,1,226
BRDA:89,10,0,259
BRDA:89,10,1,226
BRDA:89,10,2,34
BRDA:96,11,0,259
BRDA:96,11,1,226
BRDA:100,12,0,259
BRDA:100,12,1,1
BRDA:105,13,0,0
BRDA:105,13,1,259
BRDA:105,14,0,259
BRDA:105,14,1,1
BRDA:108,15,0,259
BRDA:108,15,1,0
BRDA:114,16,0,259
BRDA:114,16,1,0
BRF:27
BRH:24
end_of_record
TN:
SF:src\components\ui\Checkbox.tsx
FN:10,(anonymous_1)
FN:11,(anonymous_2)
FNF:2
FNH:2
FNDA:328,(anonymous_1)
FNDA:4,(anonymous_2)
DA:1,3
DA:2,3
DA:3,3
DA:9,3
DA:10,328
DA:11,328
DA:12,4
DA:13,4
DA:16,328
DA:41,3
LF:10
LH:10
BRDA:12,0,0,0
BRDA:12,0,1,4
BRDA:13,1,0,4
BRDA:13,1,1,0
BRDA:29,2,0,23
BRDA:29,2,1,305
BRDA:33,3,0,328
BRDA:33,3,1,23
BRF:8
BRH:6
end_of_record
TN:
SF:src\components\ui\Input.tsx
FN:9,(anonymous_1)
FNF:1
FNH:1
FNDA:145,(anonymous_1)
DA:1,2
DA:2,2
DA:8,2
DA:9,145
DA:10,145
DA:27,2
LF:6
LH:6
BRDA:12,0,0,145
BRDA:12,0,1,31
BRDA:17,1,0,145
BRDA:17,1,1,31
BRF:4
BRH:4
end_of_record
TN:
SF:src\components\ui\Modal.tsx
FN:14,(anonymous_0)
FN:15,(anonymous_1)
FN:21,(anonymous_2)
FNF:3
FNH:3
FNDA:156,(anonymous_0)
FNDA:80,(anonymous_1)
FNDA:80,(anonymous_2)
DA:1,3
DA:2,3
DA:3,3
DA:4,3
DA:14,3
DA:15,156
DA:16,80
DA:17,11
DA:19,69
DA:21,80
DA:22,80
DA:26,156
DA:28,16
LF:13
LH:13
BRDA:16,0,0,11
BRDA:16,0,1,69
BRDA:26,1,0,140
BRDA:26,1,1,16
BRF:4
BRH:4
end_of_record
TN:
SF:src\components\ui\Select.tsx
FN:11,(anonymous_1)
FN:28,(anonymous_2)
FNF:2
FNH:1
FNDA:427,(anonymous_1)
FNDA:0,(anonymous_2)
DA:1,3
DA:2,3
DA:3,3
DA:10,3
DA:11,427
DA:12,427
DA:29,0
DA:44,3
LF:8
LH:7
BRDA:22,0,0,427
BRDA:22,0,1,90
BRDA:27,1,0,0
BRDA:27,1,1,427
BRF:4
BRH:3
end_of_record
TN:
SF:src\data\mockData.ts
FN:3,(anonymous_0)
FNF:1
FNH:1
FNDA:520,(anonymous_0)
DA:3,10
DA:4,520
DA:5,520
DA:10,520
DA:16,520
DA:17,520
DA:18,520
DA:20,520
LF:8
LH:8
BRDA:29,0,0,180
BRDA:29,0,1,340
BRDA:29,1,0,170
BRDA:29,1,1,170
BRF:4
BRH:4
end_of_record
TN:
SF:src\features\coi\components\ActionDropdown.tsx
FN:10,(anonymous_0)
FN:15,(anonymous_1)
FN:16,(anonymous_2)
FN:26,(anonymous_3)
FN:31,(anonymous_4)
FN:37,(anonymous_5)
FN:48,(anonymous_6)
FNF:7
FNH:6
FNDA:300,(anonymous_0)
FNDA:154,(anonymous_1)
FNDA:0,(anonymous_2)
FNDA:154,(anonymous_3)
FNDA:2,(anonymous_4)
FNDA:2,(anonymous_5)
FNDA:4,(anonymous_6)
DA:1,3
DA:2,3
DA:3,3
DA:10,3
DA:11,300
DA:12,300
DA:15,300
DA:16,154
DA:17,0
DA:18,0
DA:22,154
DA:23,4
DA:26,154
DA:27,154
DA:31,300
DA:32,2
DA:33,2
DA:34,2
DA:37,300
DA:38,2
DA:39,2
DA:40,2
DA:43,300
DA:49,4
DA:50,4
LF:25
LH:23
BRDA:17,0,0,0
BRDA:17,0,1,0
BRDA:17,1,0,0
BRDA:17,1,1,0
BRDA:22,2,0,4
BRDA:22,2,1,150
BRDA:58,3,0,300
BRDA:58,3,1,4
BRF:8
BRH:4
end_of_record
TN:
SF:src\features\coi\components\AddCOIModal.tsx
FN:15,(anonymous_0)
FN:26,(anonymous_1)
FN:27,(anonymous_2)
FN:30,(anonymous_3)
FNF:4
FNH:4
FNDA:34,(anonymous_0)
FNDA:5,(anonymous_1)
FNDA:5,(anonymous_2)
FNDA:1,(anonymous_3)
DA:1,2
DA:2,2
DA:3,2
DA:4,2
DA:5,2
DA:15,2
DA:16,34
DA:26,34
DA:27,5
DA:30,34
DA:31,1
DA:32,1
DA:36,1
DA:38,1
DA:49,34
LF:15
LH:15
BRF:0
BRH:0
end_of_record
TN:
SF:src\features\coi\components\AskAIModal.tsx
FN:11,(anonymous_0)
FNF:1
FNH:1
FNDA:29,(anonymous_0)
DA:1,2
DA:2,2
DA:3,2
DA:4,2
DA:11,2
DA:12,29
LF:6
LH:6
BRF:0
BRH:0
end_of_record
TN:
SF:src\features\coi\components\COITable.tsx
FN:31,(anonymous_0)
FN:48,(anonymous_1)
FN:50,(anonymous_2)
FN:56,(anonymous_3)
FN:68,(anonymous_4)
FN:104,(anonymous_5)
FN:124,(anonymous_6)
FN:150,(anonymous_7)
FN:169,(anonymous_8)
FN:193,(anonymous_9)
FN:194,(anonymous_10)
FN:223,(anonymous_11)
FN:235,(anonymous_12)
FN:245,(anonymous_13)
FNF:14
FNH:7
FNDA:32,(anonymous_0)
FNDA:51,(anonymous_1)
FNDA:224,(anonymous_2)
FNDA:0,(anonymous_3)
FNDA:0,(anonymous_4)
FNDA:296,(anonymous_5)
FNDA:2,(anonymous_6)
FNDA:0,(anonymous_7)
FNDA:0,(anonymous_8)
FNDA:2,(anonymous_9)
FNDA:2,(anonymous_10)
FNDA:0,(anonymous_11)
FNDA:0,(anonymous_12)
FNDA:0,(anonymous_13)
DA:1,3
DA:2,3
DA:3,3
DA:6,3
DA:11,3
DA:31,3
DA:48,51
DA:50,32
DA:51,224
DA:52,224
DA:53,224
DA:56,0
DA:68,32
DA:69,0
DA:70,0
DA:71,0
DA:72,0
DA:74,0
DA:78,32
DA:105,296
DA:114,296
DA:124,2
DA:150,0
DA:170,0
DA:193,2
DA:194,2
DA:223,0
DA:235,0
DA:245,0
LF:29
LH:18
BRDA:48,0,0,32
BRDA:48,0,1,32
BRDA:52,1,0,224
BRDA:52,1,1,32
BRDA:61,2,0,32
BRDA:61,2,1,192
BRDA:61,3,0,0
BRDA:61,3,1,224
BRDA:69,4,0,0
BRDA:69,4,1,0
BRDA:71,5,0,0
BRDA:71,5,1,0
BRDA:71,6,0,0
BRDA:71,6,1,0
BRDA:71,6,2,0
BRDA:118,7,0,21
BRDA:118,7,1,275
BRDA:159,8,0,87
BRDA:159,8,1,209
BRDA:161,9,0,74
BRDA:161,9,1,135
BRDA:161,10,0,209
BRDA:161,10,1,176
BRDA:164,11,0,28
BRDA:164,11,1,107
BRDA:183,12,0,85
BRDA:183,12,1,211
BRDA:200,13,0,32
BRDA:200,13,1,0
BRF:29
BRH:20
end_of_record
TN:
SF:src\features\coi\components\DeleteCOIModal.tsx
FN:11,(anonymous_0)
FNF:1
FNH:1
FNDA:29,(anonymous_0)
DA:1,2
DA:2,2
DA:11,2
DA:12,29
LF:4
LH:4
BRDA:16,0,0,2
BRDA:16,0,1,27
BRF:2
BRH:2
end_of_record
TN:
SF:src\features\coi\components\EditCOIModal.tsx
FN:15,(anonymous_0)
FN:18,(anonymous_1)
FN:27,(anonymous_2)
FN:33,(anonymous_3)
FNF:4
FNH:3
FNDA:41,(anonymous_0)
FNDA:16,(anonymous_1)
FNDA:0,(anonymous_2)
FNDA:1,(anonymous_3)
DA:1,2
DA:2,2
DA:3,2
DA:4,2
DA:5,2
DA:15,2
DA:16,41
DA:18,41
DA:19,16
DA:21,2
DA:23,14
DA:27,41
DA:28,0
DA:29,0
DA:33,41
DA:34,1
DA:35,1
DA:36,1
DA:38,1
DA:41,41
DA:43,3
LF:21
LH:19
BRDA:19,0,0,2
BRDA:19,0,1,14
BRDA:28,1,0,0
BRDA:28,1,1,0
BRDA:35,2,0,1
BRDA:35,2,1,0
BRDA:41,3,0,38
BRDA:41,3,1,3
BRDA:73,4,0,3
BRDA:73,4,1,0
BRF:10
BRH:6
end_of_record
TN:
SF:src\features\coi\components\FiltersBar.tsx
FN:23,(anonymous_0)
FN:38,(anonymous_1)
FN:39,(anonymous_2)
FN:43,(anonymous_3)
FN:55,(anonymous_4)
FN:66,(anonymous_5)
FN:80,(anonymous_6)
FN:92,(anonymous_7)
FN:99,(anonymous_8)
FN:111,(anonymous_9)
FNF:10
FNH:5
FNDA:30,(anonymous_0)
FNDA:14,(anonymous_1)
FNDA:0,(anonymous_2)
FNDA:14,(anonymous_3)
FNDA:0,(anonymous_4)
FNDA:1,(anonymous_5)
FNDA:0,(anonymous_6)
FNDA:0,(anonymous_7)
FNDA:0,(anonymous_8)
FNDA:1,(anonymous_9)
DA:1,2
DA:2,2
DA:3,2
DA:4,2
DA:5,2
DA:7,2
DA:23,2
DA:36,30
DA:38,30
DA:39,14
DA:40,0
DA:43,14
DA:44,14
DA:49,30
DA:55,0
DA:66,1
DA:80,0
DA:92,0
DA:99,0
DA:111,1
LF:20
LH:15
BRDA:27,0,0,0
BRDA:55,1,0,0
BRDA:55,1,1,0
BRDA:55,2,0,0
BRDA:55,2,1,0
BRDA:80,3,0,0
BRDA:80,3,1,0
BRDA:80,4,0,0
BRDA:80,4,1,0
BRDA:93,5,0,30
BRDA:93,5,1,0
BRDA:100,6,0,30
BRDA:100,6,1,0
BRF:13
BRH:2
end_of_record
TN:
SF:src\features\coi\components\HelpModal.tsx
FN:9,(anonymous_0)
FNF:1
FNH:1
FNDA:29,(anonymous_0)
DA:1,2
DA:2,2
DA:9,2
DA:10,29
LF:4
LH:4
BRF:0
BRH:0
end_of_record
TN:
SF:src\features\coi\components\SendReminderModal.tsx
FN:11,(anonymous_0)
FNF:1
FNH:1
FNDA:29,(anonymous_0)
DA:1,2
DA:2,2
DA:11,2
DA:12,29
LF:4
LH:4
BRDA:16,0,0,2
BRDA:16,0,1,27
BRF:2
BRH:2
end_of_record
TN:
SF:src\features\coi\components\SummaryCards.tsx
FN:46,(anonymous_0)
FN:56,(anonymous_1)
FNF:2
FNH:2
FNDA:30,(anonymous_0)
FNDA:120,(anonymous_1)
DA:1,3
DA:15,3
DA:46,3
DA:52,30
DA:54,30
DA:57,120
LF:6
LH:6
BRF:0
BRH:0
end_of_record
TN:
SF:src\features\coi\hooks\useCOIFilters.ts
FN:4,(anonymous_0)
FN:12,(anonymous_1)
FN:13,(anonymous_2)
FN:45,(anonymous_3)
FN:48,(anonymous_4)
FN:49,(anonymous_5)
FN:50,(anonymous_6)
FNF:7
FNH:7
FNDA:29,(anonymous_0)
FNDA:17,(anonymous_1)
FNDA:888,(anonymous_2)
FNDA:16,(anonymous_3)
FNDA:836,(anonymous_4)
FNDA:836,(anonymous_5)
FNDA:836,(anonymous_6)
DA:1,2
DA:4,2
DA:5,29
DA:6,29
DA:7,29
DA:8,29
DA:9,29
DA:10,29
DA:12,29
DA:13,17
DA:15,888
DA:19,888
DA:21,888
DA:23,888
DA:24,888
DA:25,0
DA:26,0
DA:29,888
DA:30,888
DA:31,0
DA:34,0
DA:36,0
DA:38,0
DA:41,888
DA:45,29
DA:46,16
DA:48,836
DA:49,836
DA:50,836
DA:54,29
LF:30
LH:24
BRDA:15,0,0,888
BRDA:15,0,1,0
BRDA:15,0,2,0
BRDA:19,1,0,888
BRDA:19,1,1,52
BRDA:21,2,0,888
BRDA:21,2,1,0
BRDA:24,3,0,0
BRDA:24,3,1,888
BRDA:26,4,0,0
BRDA:26,4,1,0
BRDA:30,5,0,0
BRDA:30,5,1,888
BRDA:30,6,0,888
BRDA:30,6,1,888
BRDA:34,7,0,0
BRDA:34,7,1,0
BRDA:36,8,0,0
BRDA:36,8,1,0
BRDA:38,9,0,0
BRDA:38,9,1,0
BRDA:41,10,0,888
BRDA:41,10,1,888
BRDA:41,10,2,846
BRDA:41,10,3,846
BRDA:41,10,4,846
BRF:26
BRH:13
end_of_record
TN:
SF:src\features\coi\hooks\usePagination.ts
FN:3,(anonymous_0)
FN:8,(anonymous_1)
FN:13,(anonymous_2)
FN:18,(anonymous_3)
FNF:4
FNH:3
FNDA:29,(anonymous_0)
FNDA:17,(anonymous_1)
FNDA:1,(anonymous_2)
FNDA:0,(anonymous_3)
DA:1,2
DA:3,2
DA:4,29
DA:5,29
DA:7,29
DA:8,29
DA:9,17
DA:10,17
DA:13,29
DA:14,1
DA:15,1
DA:18,29
DA:19,0
DA:20,0
DA:23,29
LF:15
LH:13
BRDA:3,0,0,0
BRDA:7,1,0,29
BRDA:7,1,1,0
BRF:3
BRH:1
end_of_record
TN:
SF:src\features\coi\hooks\useSort.ts
FN:5,(anonymous_0)
FN:9,(anonymous_1)
FN:29,(anonymous_2)
FN:32,(anonymous_3)
FNF:4
FNH:3
FNDA:29,(anonymous_0)
FNDA:0,(anonymous_1)
FNDA:17,(anonymous_2)
FNDA:3734,(anonymous_3)
DA:1,2
DA:5,2
DA:6,29
DA:7,29
DA:9,29
DA:10,0
DA:11,0
DA:12,0
DA:13,0
DA:14,0
DA:15,0
DA:20,0
DA:21,0
DA:22,0
DA:24,0
DA:25,0
DA:29,29
DA:30,17
DA:32,17
DA:33,3734
DA:34,3734
DA:37,3734
DA:38,3734
DA:41,3734
DA:42,2060
DA:44,1674
DA:45,1674
DA:47,0
DA:51,29
LF:29
LH:17
BRDA:5,0,0,0
BRDA:5,1,0,0
BRDA:11,2,0,0
BRDA:11,2,1,0
BRDA:12,3,0,0
BRDA:12,3,1,0
BRDA:14,4,0,0
BRDA:14,4,1,0
BRDA:20,5,0,0
BRDA:20,5,1,0
BRDA:30,6,0,0
BRDA:30,6,1,17
BRDA:30,7,0,17
BRDA:30,7,1,17
BRDA:37,8,0,0
BRDA:37,8,1,3734
BRDA:37,9,0,3734
BRDA:37,9,1,3734
BRDA:38,10,0,0
BRDA:38,10,1,3734
BRDA:38,11,0,3734
BRDA:38,11,1,3734
BRDA:41,12,0,2060
BRDA:41,12,1,1674
BRDA:42,13,0,2060
BRDA:42,13,1,0
BRDA:44,14,0,1674
BRDA:44,14,1,0
BRDA:45,15,0,1674
BRDA:45,15,1,0
BRF:30
BRH:14
end_of_record
TN:
SF:src\features\coi\store\coiSlice.ts
FN:17,(anonymous_0)
FN:25,(anonymous_1)
FN:26,(anonymous_2)
FN:31,(anonymous_3)
FN:32,(anonymous_4)
FN:34,(anonymous_5)
FN:35,(anonymous_6)
FN:40,(anonymous_7)
FNF:8
FNH:5
FNDA:1,(anonymous_0)
FNDA:1,(anonymous_1)
FNDA:26,(anonymous_2)
FNDA:1,(anonymous_3)
FNDA:53,(anonymous_4)
FNDA:0,(anonymous_5)
FNDA:0,(anonymous_6)
FNDA:0,(anonymous_7)
DA:1,10
DA:3,10
DA:9,10
DA:13,10
DA:18,1
DA:23,1
DA:26,26
DA:27,1
DA:28,1
DA:32,53
DA:35,0
DA:36,0
DA:37,0
DA:41,0
DA:46,10
DA:47,10
LF:16
LH:12
BRDA:27,0,0,1
BRDA:27,0,1,0
BRDA:36,1,0,0
BRDA:36,1,1,0
BRF:4
BRH:1
end_of_record
TN:
SF:src\lib\utils.ts
FN:4,cn
FNF:1
FNH:1
FNDA:2004,cn
DA:1,12
DA:2,12
DA:4,12
DA:5,2004
LF:4
LH:4
BRF:0
BRH:0
end_of_record
TN:
SF:src\pages\AnalysisResults.tsx
FN:3,(anonymous_0)
FNF:1
FNH:1
FNDA:1,(anonymous_0)
DA:1,1
DA:3,1
DA:4,1
DA:18,1
LF:4
LH:4
BRF:0
BRH:0
end_of_record
TN:
SF:src\pages\ContractVault.tsx
FN:3,(anonymous_0)
FNF:1
FNH:1
FNDA:1,(anonymous_0)
DA:1,1
DA:3,1
DA:4,1
DA:18,1
LF:4
LH:4
BRF:0
BRH:0
end_of_record
TN:
SF:src\pages\Dashboard.tsx
FN:21,(anonymous_0)
FN:22,(anonymous_1)
FN:61,(anonymous_2)
FN:63,(anonymous_3)
FN:69,(anonymous_4)
FN:71,(anonymous_5)
FN:73,(anonymous_6)
FN:73,(anonymous_7)
FN:77,(anonymous_8)
FN:81,(anonymous_9)
FN:85,(anonymous_10)
FN:90,(anonymous_11)
FN:96,(anonymous_12)
FN:101,(anonymous_13)
FN:104,(anonymous_14)
FN:104,(anonymous_15)
FN:110,(anonymous_16)
FN:115,(anonymous_17)
FN:124,(anonymous_18)
FN:125,(anonymous_19)
FN:126,(anonymous_20)
FN:144,(anonymous_21)
FN:149,(anonymous_22)
FN:155,(anonymous_23)
FN:159,(anonymous_24)
FN:163,(anonymous_25)
FN:164,(anonymous_26)
FN:190,(anonymous_27)
FN:196,(anonymous_28)
FN:206,(anonymous_29)
FN:211,(anonymous_30)
FN:216,(anonymous_31)
FN:221,(anonymous_32)
FN:226,(anonymous_33)
FN:227,(anonymous_34)
FNF:35
FNH:22
FNDA:29,(anonymous_0)
FNDA:45,(anonymous_1)
FNDA:1,(anonymous_2)
FNDA:52,(anonymous_3)
FNDA:2,(anonymous_4)
FNDA:1,(anonymous_5)
FNDA:1,(anonymous_6)
FNDA:1,(anonymous_7)
FNDA:0,(anonymous_8)
FNDA:1,(anonymous_9)
FNDA:2,(anonymous_10)
FNDA:1,(anonymous_11)
FNDA:2,(anonymous_12)
FNDA:1,(anonymous_13)
FNDA:1,(anonymous_14)
FNDA:0,(anonymous_15)
FNDA:1,(anonymous_16)
FNDA:0,(anonymous_17)
FNDA:1,(anonymous_18)
FNDA:1,(anonymous_19)
FNDA:1,(anonymous_20)
FNDA:0,(anonymous_21)
FNDA:0,(anonymous_22)
FNDA:0,(anonymous_23)
FNDA:0,(anonymous_24)
FNDA:2,(anonymous_25)
FNDA:0,(anonymous_26)
FNDA:1,(anonymous_27)
FNDA:1,(anonymous_28)
FNDA:0,(anonymous_29)
FNDA:51,(anonymous_30)
FNDA:0,(anonymous_31)
FNDA:0,(anonymous_32)
FNDA:0,(anonymous_33)
FNDA:0,(anonymous_34)
DA:1,2
DA:2,2
DA:4,2
DA:5,2
DA:6,2
DA:7,2
DA:8,2
DA:9,2
DA:10,2
DA:11,2
DA:12,2
DA:13,2
DA:14,2
DA:16,2
DA:17,2
DA:18,2
DA:19,2
DA:21,2
DA:22,45
DA:23,29
DA:37,29
DA:39,29
DA:48,29
DA:50,29
DA:51,29
DA:52,29
DA:53,29
DA:54,29
DA:55,29
DA:56,29
DA:57,29
DA:58,29
DA:61,29
DA:62,1
DA:63,52
DA:65,0
DA:69,29
DA:70,2
DA:71,1
DA:73,1
DA:77,29
DA:78,0
DA:81,29
DA:82,1
DA:85,29
DA:86,2
DA:87,2
DA:90,29
DA:91,1
DA:92,1
DA:93,1
DA:96,29
DA:97,2
DA:98,2
DA:101,29
DA:102,1
DA:103,1
DA:104,1
DA:105,1
DA:106,1
DA:110,29
DA:111,1
DA:112,1
DA:115,29
DA:116,0
DA:117,0
DA:120,29
DA:124,1
DA:125,1
DA:126,1
DA:145,0
DA:146,0
DA:150,0
DA:151,0
DA:156,0
DA:157,0
DA:160,0
DA:161,0
DA:163,2
DA:164,0
DA:190,1
DA:197,1
DA:198,1
DA:207,0
DA:208,0
DA:211,51
DA:216,0
DA:221,0
DA:226,0
DA:228,0
DA:229,0
DA:237,2
LF:92
LH:72
BRDA:62,0,0,1
BRDA:62,0,1,0
BRDA:70,1,0,1
BRDA:70,1,1,1
BRDA:102,2,0,1
BRDA:102,2,1,0
BRDA:211,3,0,2
BRDA:211,3,1,27
BRDA:211,4,0,0
BRDA:211,4,1,2
BRDA:211,5,0,2
BRDA:211,5,1,2
BRF:12
BRH:9
end_of_record
TN:
SF:src\pages\Settings.tsx
FN:3,(anonymous_0)
FNF:1
FNH:1
FNDA:1,(anonymous_0)
DA:1,1
DA:3,1
DA:4,1
DA:32,1
LF:4
LH:4
BRF:0
BRH:0
end_of_record
TN:
SF:src\store\index.ts
FNF:0
FNH:0
DA:1,10
DA:2,10
DA:4,10
LF:3
LH:3
BRF:0
BRH:0
end_of_record
TN:
SF:src\utils\exportCSV.ts
FN:3,(anonymous_0)
FN:22,(anonymous_1)
FN:39,(anonymous_2)
FN:40,(anonymous_3)
FNF:4
FNH:0
FNDA:0,(anonymous_0)
FNDA:0,(anonymous_1)
FNDA:0,(anonymous_2)
FNDA:0,(anonymous_3)
DA:3,2
DA:4,0
DA:5,0
DA:6,0
DA:10,0
DA:22,0
DA:23,0
DA:24,0
DA:26,0
DA:27,0
DA:30,0
DA:33,0
DA:36,0
DA:39,0
DA:40,0
DA:42,0
DA:44,0
DA:45,0
DA:47,0
DA:50,0
DA:54,0
DA:55,0
DA:58,0
DA:59,0
DA:61,0
DA:62,0
DA:63,0
DA:64,0
DA:66,0
DA:67,0
LF:30
LH:1
BRDA:3,0,0,0
BRDA:4,1,0,0
BRDA:4,1,1,0
BRDA:4,2,0,0
BRDA:4,2,1,0
BRDA:23,3,0,0
BRDA:23,3,1,0
BRDA:23,4,0,0
BRDA:23,4,1,0
BRDA:26,5,0,0
BRDA:26,5,1,0
BRDA:26,6,0,0
BRDA:26,6,1,0
BRDA:26,6,2,0
BRDA:44,7,0,0
BRDA:44,7,1,0
BRDA:44,8,0,0
BRDA:44,8,1,0
BRF:18
BRH:0
end_of_record
TN:
SF:src\utils\test-utils.tsx
FN:7,(anonymous_4)
FN:15,(anonymous_5)
FNF:2
FNH:2
FNDA:27,(anonymous_4)
FNDA:27,(anonymous_5)
DA:1,9
DA:2,9
DA:3,9
DA:4,9
DA:5,9
DA:7,9
DA:8,27
DA:15,9
DA:18,27
DA:20,9
DA:21,9
LF:11
LH:11
BRF:0
BRH:0
end_of_record
